2020-11-22 17:55:09.615 [main] INFO  c.a.n.client.config.impl.LocalConfigInfoProcessor[195] - LOCAL_SNAPSHOT_PATH:/Users/admin/nacos/config
2020-11-22 17:55:09.654 [main] INFO  com.alibaba.nacos.client.config.impl.Limiter[53] - limitTime:5.0
2020-11-22 17:55:10.731 [main] WARN  c.a.cloud.nacos.client.NacosPropertySourceBuilder[87] - Ignore the empty nacos configuration and get it based on dataId[whitzard-manager] & group[dev]
2020-11-22 17:55:10.766 [main] WARN  c.a.cloud.nacos.client.NacosPropertySourceBuilder[87] - Ignore the empty nacos configuration and get it based on dataId[whitzard-manager.yaml] & group[dev]
2020-11-22 17:55:10.810 [main] WARN  c.a.cloud.nacos.client.NacosPropertySourceBuilder[87] - Ignore the empty nacos configuration and get it based on dataId[whitzard-manager-dev.yaml] & group[dev]
2020-11-22 17:55:10.811 [main] INFO  o.s.c.b.c.PropertySourceBootstrapConfiguration[112] - Located property source: [BootstrapPropertySource {name='bootstrapProperties-whitzard-manager-dev.yaml,dev'}, BootstrapPropertySource {name='bootstrapProperties-whitzard-manager.yaml,dev'}, BootstrapPropertySource {name='bootstrapProperties-whitzard-manager,dev'}]
2020-11-22 17:55:10.817 [main] INFO  com.newpi.data.WhitzardManager[655] - The following profiles are active: dev
2020-11-22 17:55:11.842 [main] INFO  o.s.d.r.config.RepositoryConfigurationDelegate[127] - Bootstrapping Spring Data JPA repositories in DEFERRED mode.
2020-11-22 17:55:11.885 [main] INFO  o.s.d.r.config.RepositoryConfigurationDelegate[187] - Finished Spring Data repository scanning in 17ms. Found 0 JPA repository interfaces.
2020-11-22 17:55:11.985 [main] WARN  o.springframework.boot.actuate.endpoint.EndpointId[155] - Endpoint ID 'service-registry' contains invalid characters, please migrate to a valid format.
2020-11-22 17:55:12.118 [main] INFO  o.springframework.cloud.context.scope.GenericScope[295] - BeanFactory id=1f240d0d-dc55-3bff-97ee-8267b18f85ff
2020-11-22 17:55:12.516 [main] INFO  o.s.boot.web.embedded.tomcat.TomcatWebServer[108] - Tomcat initialized with port(s): 8010 (http)
2020-11-22 17:55:12.528 [main] INFO  org.apache.coyote.http11.Http11NioProtocol[173] - Initializing ProtocolHandler ["http-nio-8010"]
2020-11-22 17:55:12.529 [main] INFO  org.apache.catalina.core.StandardService[173] - Starting service [Tomcat]
2020-11-22 17:55:12.529 [main] INFO  org.apache.catalina.core.StandardEngine[173] - Starting Servlet engine: [Apache Tomcat/9.0.39]
2020-11-22 17:55:12.698 [main] INFO  o.a.c.core.ContainerBase.[Tomcat].[localhost].[/][173] - Initializing Spring embedded WebApplicationContext
2020-11-22 17:55:12.698 [main] INFO  o.s.b.w.s.c.ServletWebServerApplicationContext[285] - Root WebApplicationContext: initialization completed in 1857 ms
2020-11-22 17:55:12.860 [main] WARN  o.springframework.boot.actuate.endpoint.EndpointId[155] - Endpoint ID 'nacos-config' contains invalid characters, please migrate to a valid format.
2020-11-22 17:55:12.860 [main] WARN  o.springframework.boot.actuate.endpoint.EndpointId[155] - Endpoint ID 'nacos-discovery' contains invalid characters, please migrate to a valid format.
2020-11-22 17:55:12.940 [main] WARN  o.s.b.w.s.c.AnnotationConfigServletWebServerApplicationContext[559] - Exception encountered during context initialization - cancelling refresh attempt: org.springframework.beans.factory.BeanCreationException: Error creating bean with name 'org.springframework.cloud.autoconfigure.RefreshAutoConfiguration$JpaInvokerConfiguration': Invocation of init method failed; nested exception is org.springframework.beans.factory.BeanCreationException: Error creating bean with name 'org.springframework.boot.autoconfigure.jdbc.DataSourceInitializerInvoker': Invocation of init method failed; nested exception is org.springframework.beans.factory.BeanCreationException: Error creating bean with name 'dataSource' defined in class path resource [org/springframework/boot/autoconfigure/jdbc/DataSourceConfiguration$Hikari.class]: Bean instantiation via factory method failed; nested exception is org.springframework.beans.BeanInstantiationException: Failed to instantiate [com.zaxxer.hikari.HikariDataSource]: Factory method 'dataSource' threw exception; nested exception is org.springframework.boot.autoconfigure.jdbc.DataSourceProperties$DataSourceBeanCreationException: Failed to determine a suitable driver class
2020-11-22 17:55:12.942 [main] INFO  org.apache.catalina.core.StandardService[173] - Stopping service [Tomcat]
2020-11-22 17:55:12.964 [main] INFO  o.s.b.a.l.ConditionEvaluationReportLoggingListener[136] - 

Error starting ApplicationContext. To display the conditions report re-run your application with 'debug' enabled.
2020-11-22 17:55:12.973 [main] ERROR o.s.b.diagnostics.LoggingFailureAnalysisReporter[40] - 

***************************
APPLICATION FAILED TO START
***************************

Description:

Failed to configure a DataSource: 'url' attribute is not specified and no embedded datasource could be configured.

Reason: Failed to determine a suitable driver class


Action:

Consider the following:
	If you want an embedded database (H2, HSQL or Derby), please put it on the classpath.
	If you have database settings to be loaded from a particular profile you may need to activate it (no profiles are currently active).

2020-11-22 17:56:21.588 [main] INFO  c.a.n.client.config.impl.LocalConfigInfoProcessor[195] - LOCAL_SNAPSHOT_PATH:/Users/admin/nacos/config
2020-11-22 17:56:21.641 [main] INFO  com.alibaba.nacos.client.config.impl.Limiter[53] - limitTime:5.0
2020-11-22 17:56:21.709 [main] WARN  c.a.cloud.nacos.client.NacosPropertySourceBuilder[87] - Ignore the empty nacos configuration and get it based on dataId[whitzard-manager] & group[dev]
2020-11-22 17:56:21.728 [main] WARN  c.a.cloud.nacos.client.NacosPropertySourceBuilder[87] - Ignore the empty nacos configuration and get it based on dataId[whitzard-manager.yaml] & group[dev]
2020-11-22 17:56:21.746 [main] WARN  c.a.cloud.nacos.client.NacosPropertySourceBuilder[87] - Ignore the empty nacos configuration and get it based on dataId[whitzard-manager-dev.yaml] & group[dev]
2020-11-22 17:56:21.747 [main] INFO  o.s.c.b.c.PropertySourceBootstrapConfiguration[112] - Located property source: [BootstrapPropertySource {name='bootstrapProperties-whitzard-manager-dev.yaml,dev'}, BootstrapPropertySource {name='bootstrapProperties-whitzard-manager.yaml,dev'}, BootstrapPropertySource {name='bootstrapProperties-whitzard-manager,dev'}]
2020-11-22 17:56:21.755 [main] INFO  com.newpi.data.WhitzardManager[655] - The following profiles are active: dev
2020-11-22 17:56:23.287 [main] WARN  o.springframework.boot.actuate.endpoint.EndpointId[155] - Endpoint ID 'service-registry' contains invalid characters, please migrate to a valid format.
2020-11-22 17:56:23.395 [main] INFO  o.springframework.cloud.context.scope.GenericScope[295] - BeanFactory id=9c58f296-93b8-3147-84bd-d2814d5a6b45
2020-11-22 17:56:23.656 [main] INFO  o.s.boot.web.embedded.tomcat.TomcatWebServer[108] - Tomcat initialized with port(s): 8010 (http)
2020-11-22 17:56:23.667 [main] INFO  org.apache.coyote.http11.Http11NioProtocol[173] - Initializing ProtocolHandler ["http-nio-8010"]
2020-11-22 17:56:23.668 [main] INFO  org.apache.catalina.core.StandardService[173] - Starting service [Tomcat]
2020-11-22 17:56:23.669 [main] INFO  org.apache.catalina.core.StandardEngine[173] - Starting Servlet engine: [Apache Tomcat/9.0.39]
2020-11-22 17:56:23.772 [main] INFO  o.a.c.core.ContainerBase.[Tomcat].[localhost].[/][173] - Initializing Spring embedded WebApplicationContext
2020-11-22 17:56:23.772 [main] INFO  o.s.b.w.s.c.ServletWebServerApplicationContext[285] - Root WebApplicationContext: initialization completed in 1963 ms
2020-11-22 17:56:23.950 [main] WARN  o.springframework.boot.actuate.endpoint.EndpointId[155] - Endpoint ID 'nacos-config' contains invalid characters, please migrate to a valid format.
2020-11-22 17:56:23.951 [main] WARN  o.springframework.boot.actuate.endpoint.EndpointId[155] - Endpoint ID 'nacos-discovery' contains invalid characters, please migrate to a valid format.
2020-11-22 17:56:24.037 [main] WARN  com.netflix.config.sources.URLConfigurationSource[121] - No URLs will be polled as dynamic configuration sources.
2020-11-22 17:56:24.038 [main] INFO  com.netflix.config.sources.URLConfigurationSource[122] - To enable URLs as dynamic configuration sources, define System property archaius.configurationSource.additionalUrls or make config.properties available on classpath.
2020-11-22 17:56:24.049 [main] WARN  com.netflix.config.sources.URLConfigurationSource[121] - No URLs will be polled as dynamic configuration sources.
2020-11-22 17:56:24.049 [main] INFO  com.netflix.config.sources.URLConfigurationSource[122] - To enable URLs as dynamic configuration sources, define System property archaius.configurationSource.additionalUrls or make config.properties available on classpath.
2020-11-22 17:56:24.226 [main] INFO  o.s.scheduling.concurrent.ThreadPoolTaskExecutor[181] - Initializing ExecutorService 'applicationTaskExecutor'
2020-11-22 17:56:24.363 [main] INFO  o.s.scheduling.concurrent.ThreadPoolTaskScheduler[181] - Initializing ExecutorService 'Nacso-Watch-Task-Scheduler'
2020-11-22 17:56:24.370 [main] INFO  com.alibaba.nacos.client.naming[56] - initializer namespace from System Property :null
2020-11-22 17:56:24.371 [main] INFO  com.alibaba.nacos.client.naming[65] - initializer namespace from System Environment :null
2020-11-22 17:56:24.371 [main] INFO  com.alibaba.nacos.client.naming[75] - initializer namespace from System Property :null
2020-11-22 17:56:24.753 [main] INFO  o.s.b.actuate.endpoint.web.EndpointLinksResolver[58] - Exposing 19 endpoint(s) beneath base path '/actuator'
2020-11-22 17:56:24.785 [main] INFO  org.apache.coyote.http11.Http11NioProtocol[173] - Starting ProtocolHandler ["http-nio-8010"]
2020-11-22 17:56:24.817 [main] INFO  o.s.boot.web.embedded.tomcat.TomcatWebServer[220] - Tomcat started on port(s): 8010 (http) with context path ''
2020-11-22 17:56:24.820 [main] INFO  com.alibaba.nacos.client.naming[66] - [BEAT] adding beat: {"cluster":"DEFAULT","ip":"192.168.1.141","metadata":{"preserved.register.source":"SPRING_CLOUD"},"period":5000,"port":8010,"scheduled":false,"serviceName":"dev@@whitzard-manager","stopped":false,"weight":1.0} to beat map.
2020-11-22 17:56:24.904 [main] INFO  com.alibaba.nacos.client.naming[196] - [REGISTER-SERVICE] 76ee77bd-b7d7-4a9d-94d2-fab208c237be registering service dev@@whitzard-manager with instance: {"clusterName":"DEFAULT","enabled":true,"ephemeral":true,"healthy":true,"instanceHeartBeatInterval":5000,"instanceHeartBeatTimeOut":15000,"ip":"192.168.1.141","ipDeleteTimeout":30000,"metadata":{"preserved.register.source":"SPRING_CLOUD"},"port":8010,"weight":1.0}
2020-11-22 17:56:24.981 [main] INFO  c.a.cloud.nacos.registry.NacosServiceRegistry[65] - nacos registry, dev whitzard-manager 192.168.1.141:8010 register finished
2020-11-22 17:56:24.998 [main] INFO  com.newpi.data.WhitzardManager[61] - Started WhitzardManager in 4.974 seconds (JVM running for 5.786)
2020-11-22 17:56:25.006 [main] INFO  com.alibaba.nacos.client.config.impl.ClientWorker[197] - [fixed-nacos.k8sml.test.yidian-inc.com-76ee77bd-b7d7-4a9d-94d2-fab208c237be] [subscribe] whitzard-manager-dev.yaml+dev+76ee77bd-b7d7-4a9d-94d2-fab208c237be
2020-11-22 17:56:25.007 [main] INFO  com.alibaba.nacos.client.config.impl.CacheData[92] - [fixed-nacos.k8sml.test.yidian-inc.com-76ee77bd-b7d7-4a9d-94d2-fab208c237be] [add-listener] ok, tenant=76ee77bd-b7d7-4a9d-94d2-fab208c237be, dataId=whitzard-manager-dev.yaml, group=dev, cnt=1
2020-11-22 17:56:25.008 [main] INFO  com.alibaba.nacos.client.config.impl.ClientWorker[197] - [fixed-nacos.k8sml.test.yidian-inc.com-76ee77bd-b7d7-4a9d-94d2-fab208c237be] [subscribe] whitzard-manager.yaml+dev+76ee77bd-b7d7-4a9d-94d2-fab208c237be
2020-11-22 17:56:25.008 [main] INFO  com.alibaba.nacos.client.config.impl.CacheData[92] - [fixed-nacos.k8sml.test.yidian-inc.com-76ee77bd-b7d7-4a9d-94d2-fab208c237be] [add-listener] ok, tenant=76ee77bd-b7d7-4a9d-94d2-fab208c237be, dataId=whitzard-manager.yaml, group=dev, cnt=1
2020-11-22 17:56:25.008 [main] INFO  com.alibaba.nacos.client.config.impl.ClientWorker[197] - [fixed-nacos.k8sml.test.yidian-inc.com-76ee77bd-b7d7-4a9d-94d2-fab208c237be] [subscribe] whitzard-manager+dev+76ee77bd-b7d7-4a9d-94d2-fab208c237be
2020-11-22 17:56:25.008 [main] INFO  com.alibaba.nacos.client.config.impl.CacheData[92] - [fixed-nacos.k8sml.test.yidian-inc.com-76ee77bd-b7d7-4a9d-94d2-fab208c237be] [add-listener] ok, tenant=76ee77bd-b7d7-4a9d-94d2-fab208c237be, dataId=whitzard-manager, group=dev, cnt=1
2020-11-22 17:56:25.047 [com.alibaba.nacos.client.Worker.longPolling.fixed-nacos.k8sml.test.yidian-inc.com-76ee77bd-b7d7-4a9d-94d2-fab208c237be] INFO  com.alibaba.nacos.client.config.impl.ClientWorker[522] - get changedGroupKeys:[]
2020-11-22 17:56:54.755 [com.alibaba.nacos.client.Worker.longPolling.fixed-nacos.k8sml.test.yidian-inc.com-76ee77bd-b7d7-4a9d-94d2-fab208c237be] INFO  com.alibaba.nacos.client.config.impl.ClientWorker[522] - get changedGroupKeys:[]
2020-11-22 17:57:04.757 [SpringContextShutdownHook] INFO  o.s.scheduling.concurrent.ThreadPoolTaskScheduler[218] - Shutting down ExecutorService 'Nacso-Watch-Task-Scheduler'
2020-11-22 17:57:04.761 [SpringContextShutdownHook] INFO  c.a.cloud.nacos.registry.NacosServiceRegistry[80] - De-registering from Nacos Server now...
2020-11-22 17:57:04.762 [SpringContextShutdownHook] INFO  com.alibaba.nacos.client.naming[79] - [BEAT] removing beat: dev@@whitzard-manager:192.168.1.141:8010 from beat map.
2020-11-22 17:57:04.762 [SpringContextShutdownHook] INFO  com.alibaba.nacos.client.naming[218] - [DEREGISTER-SERVICE] 76ee77bd-b7d7-4a9d-94d2-fab208c237be deregistering service dev@@whitzard-manager with instance: {"clusterName":"DEFAULT","enabled":true,"ephemeral":true,"healthy":true,"instanceHeartBeatInterval":5000,"instanceHeartBeatTimeOut":15000,"instanceIdGenerator":"simple","ip":"192.168.1.141","ipDeleteTimeout":30000,"metadata":{},"port":8010,"weight":1.0}
2020-11-22 17:57:04.777 [SpringContextShutdownHook] INFO  c.a.cloud.nacos.registry.NacosServiceRegistry[100] - De-registration finished.
2020-11-22 17:57:04.779 [SpringContextShutdownHook] INFO  o.s.scheduling.concurrent.ThreadPoolTaskExecutor[218] - Shutting down ExecutorService 'applicationTaskExecutor'
