2020-11-26 14:05:18.448 [main] INFO  c.a.n.client.config.impl.LocalConfigInfoProcessor[195] - LOCAL_SNAPSHOT_PATH:/Users/admin/nacos/config
2020-11-26 14:05:18.485 [main] INFO  com.alibaba.nacos.client.config.impl.Limiter[53] - limitTime:5.0
2020-11-26 14:05:18.545 [main] WARN  c.a.cloud.nacos.client.NacosPropertySourceBuilder[87] - Ignore the empty nacos configuration and get it based on dataId[whitzard-manager] & group[dev]
2020-11-26 14:05:18.559 [main] WARN  c.a.cloud.nacos.client.NacosPropertySourceBuilder[87] - Ignore the empty nacos configuration and get it based on dataId[whitzard-manager.yaml] & group[dev]
2020-11-26 14:05:18.571 [main] WARN  c.a.cloud.nacos.client.NacosPropertySourceBuilder[87] - Ignore the empty nacos configuration and get it based on dataId[whitzard-manager-dev.yaml] & group[dev]
2020-11-26 14:05:18.572 [main] INFO  o.s.c.b.c.PropertySourceBootstrapConfiguration[112] - Located property source: [BootstrapPropertySource {name='bootstrapProperties-whitzard-manager-dev.yaml,dev'}, BootstrapPropertySource {name='bootstrapProperties-whitzard-manager.yaml,dev'}, BootstrapPropertySource {name='bootstrapProperties-whitzard-manager,dev'}]
2020-11-26 14:05:18.579 [main] INFO  com.newpi.data.WhitzardManager[655] - The following profiles are active: dev
2020-11-26 14:05:19.694 [main] WARN  o.springframework.boot.actuate.endpoint.EndpointId[155] - Endpoint ID 'service-registry' contains invalid characters, please migrate to a valid format.
2020-11-26 14:05:19.821 [main] INFO  o.springframework.cloud.context.scope.GenericScope[295] - BeanFactory id=78ce6d89-4b75-379e-b96e-b8e1b71e8380
2020-11-26 14:05:20.131 [main] INFO  o.s.boot.web.embedded.tomcat.TomcatWebServer[108] - Tomcat initialized with port(s): 8010 (http)
2020-11-26 14:05:20.150 [main] INFO  org.apache.coyote.http11.Http11NioProtocol[173] - Initializing ProtocolHandler ["http-nio-8010"]
2020-11-26 14:05:20.152 [main] INFO  org.apache.catalina.core.StandardService[173] - Starting service [Tomcat]
2020-11-26 14:05:20.152 [main] INFO  org.apache.catalina.core.StandardEngine[173] - Starting Servlet engine: [Apache Tomcat/9.0.39]
2020-11-26 14:05:20.330 [main] INFO  o.a.c.core.ContainerBase.[Tomcat].[localhost].[/][173] - Initializing Spring embedded WebApplicationContext
2020-11-26 14:05:20.331 [main] INFO  o.s.b.w.s.c.ServletWebServerApplicationContext[285] - Root WebApplicationContext: initialization completed in 1728 ms
2020-11-26 14:05:20.545 [main] WARN  o.springframework.boot.actuate.endpoint.EndpointId[155] - Endpoint ID 'nacos-config' contains invalid characters, please migrate to a valid format.
2020-11-26 14:05:20.546 [main] WARN  o.springframework.boot.actuate.endpoint.EndpointId[155] - Endpoint ID 'nacos-discovery' contains invalid characters, please migrate to a valid format.
2020-11-26 14:05:20.712 [main] WARN  com.netflix.config.sources.URLConfigurationSource[121] - No URLs will be polled as dynamic configuration sources.
2020-11-26 14:05:20.712 [main] INFO  com.netflix.config.sources.URLConfigurationSource[122] - To enable URLs as dynamic configuration sources, define System property archaius.configurationSource.additionalUrls or make config.properties available on classpath.
2020-11-26 14:05:20.723 [main] WARN  com.netflix.config.sources.URLConfigurationSource[121] - No URLs will be polled as dynamic configuration sources.
2020-11-26 14:05:20.723 [main] INFO  com.netflix.config.sources.URLConfigurationSource[122] - To enable URLs as dynamic configuration sources, define System property archaius.configurationSource.additionalUrls or make config.properties available on classpath.
2020-11-26 14:05:20.943 [main] INFO  o.s.scheduling.concurrent.ThreadPoolTaskExecutor[181] - Initializing ExecutorService 'applicationTaskExecutor'
2020-11-26 14:05:21.120 [main] INFO  o.s.scheduling.concurrent.ThreadPoolTaskScheduler[181] - Initializing ExecutorService 'Nacso-Watch-Task-Scheduler'
2020-11-26 14:05:21.128 [main] INFO  com.alibaba.nacos.client.naming[56] - initializer namespace from System Property :null
2020-11-26 14:05:21.129 [main] INFO  com.alibaba.nacos.client.naming[65] - initializer namespace from System Environment :null
2020-11-26 14:05:21.130 [main] INFO  com.alibaba.nacos.client.naming[75] - initializer namespace from System Property :null
2020-11-26 14:05:21.595 [main] INFO  o.s.b.actuate.endpoint.web.EndpointLinksResolver[58] - Exposing 19 endpoint(s) beneath base path '/actuator'
2020-11-26 14:05:21.636 [main] INFO  org.apache.coyote.http11.Http11NioProtocol[173] - Starting ProtocolHandler ["http-nio-8010"]
2020-11-26 14:05:21.682 [main] INFO  o.s.boot.web.embedded.tomcat.TomcatWebServer[220] - Tomcat started on port(s): 8010 (http) with context path ''
2020-11-26 14:05:21.687 [main] INFO  com.alibaba.nacos.client.naming[66] - [BEAT] adding beat: {"cluster":"DEFAULT","ip":"10.60.104.82","metadata":{"preserved.register.source":"SPRING_CLOUD"},"period":5000,"port":8010,"scheduled":false,"serviceName":"dev@@whitzard-manager","stopped":false,"weight":1.0} to beat map.
2020-11-26 14:05:21.811 [main] INFO  com.alibaba.nacos.client.naming[196] - [REGISTER-SERVICE] 76ee77bd-b7d7-4a9d-94d2-fab208c237be registering service dev@@whitzard-manager with instance: {"clusterName":"DEFAULT","enabled":true,"ephemeral":true,"healthy":true,"instanceHeartBeatInterval":5000,"instanceHeartBeatTimeOut":15000,"ip":"10.60.104.82","ipDeleteTimeout":30000,"metadata":{"preserved.register.source":"SPRING_CLOUD"},"port":8010,"weight":1.0}
2020-11-26 14:05:21.839 [main] INFO  c.a.cloud.nacos.registry.NacosServiceRegistry[65] - nacos registry, dev whitzard-manager 10.60.104.82:8010 register finished
2020-11-26 14:05:21.857 [main] INFO  com.newpi.data.WhitzardManager[61] - Started WhitzardManager in 6.093 seconds (JVM running for 7.247)
2020-11-26 14:05:21.870 [main] INFO  com.alibaba.nacos.client.config.impl.ClientWorker[197] - [fixed-nacos.k8sml.test.yidian-inc.com-76ee77bd-b7d7-4a9d-94d2-fab208c237be] [subscribe] whitzard-manager-dev.yaml+dev+76ee77bd-b7d7-4a9d-94d2-fab208c237be
2020-11-26 14:05:21.871 [main] INFO  com.alibaba.nacos.client.config.impl.CacheData[92] - [fixed-nacos.k8sml.test.yidian-inc.com-76ee77bd-b7d7-4a9d-94d2-fab208c237be] [add-listener] ok, tenant=76ee77bd-b7d7-4a9d-94d2-fab208c237be, dataId=whitzard-manager-dev.yaml, group=dev, cnt=1
2020-11-26 14:05:21.871 [main] INFO  com.alibaba.nacos.client.config.impl.ClientWorker[197] - [fixed-nacos.k8sml.test.yidian-inc.com-76ee77bd-b7d7-4a9d-94d2-fab208c237be] [subscribe] whitzard-manager.yaml+dev+76ee77bd-b7d7-4a9d-94d2-fab208c237be
2020-11-26 14:05:21.872 [main] INFO  com.alibaba.nacos.client.config.impl.CacheData[92] - [fixed-nacos.k8sml.test.yidian-inc.com-76ee77bd-b7d7-4a9d-94d2-fab208c237be] [add-listener] ok, tenant=76ee77bd-b7d7-4a9d-94d2-fab208c237be, dataId=whitzard-manager.yaml, group=dev, cnt=1
2020-11-26 14:05:21.872 [main] INFO  com.alibaba.nacos.client.config.impl.ClientWorker[197] - [fixed-nacos.k8sml.test.yidian-inc.com-76ee77bd-b7d7-4a9d-94d2-fab208c237be] [subscribe] whitzard-manager+dev+76ee77bd-b7d7-4a9d-94d2-fab208c237be
2020-11-26 14:05:21.872 [main] INFO  com.alibaba.nacos.client.config.impl.CacheData[92] - [fixed-nacos.k8sml.test.yidian-inc.com-76ee77bd-b7d7-4a9d-94d2-fab208c237be] [add-listener] ok, tenant=76ee77bd-b7d7-4a9d-94d2-fab208c237be, dataId=whitzard-manager, group=dev, cnt=1
2020-11-26 14:05:21.888 [com.alibaba.nacos.client.Worker.longPolling.fixed-nacos.k8sml.test.yidian-inc.com-76ee77bd-b7d7-4a9d-94d2-fab208c237be] INFO  com.alibaba.nacos.client.config.impl.ClientWorker[522] - get changedGroupKeys:[]
2020-11-26 14:05:27.679 [http-nio-8010-exec-1] INFO  o.a.c.core.ContainerBase.[Tomcat].[localhost].[/][173] - Initializing Spring DispatcherServlet 'dispatcherServlet'
2020-11-26 14:05:27.679 [http-nio-8010-exec-1] INFO  org.springframework.web.servlet.DispatcherServlet[525] - Initializing Servlet 'dispatcherServlet'
2020-11-26 14:05:27.697 [http-nio-8010-exec-1] INFO  org.springframework.web.servlet.DispatcherServlet[547] - Completed initialization in 18 ms
2020-11-26 14:05:51.657 [com.alibaba.nacos.client.Worker.longPolling.fixed-nacos.k8sml.test.yidian-inc.com-76ee77bd-b7d7-4a9d-94d2-fab208c237be] INFO  com.alibaba.nacos.client.config.impl.ClientWorker[522] - get changedGroupKeys:[]
2020-11-26 14:06:21.249 [com.alibaba.nacos.client.Worker.longPolling.fixed-nacos.k8sml.test.yidian-inc.com-76ee77bd-b7d7-4a9d-94d2-fab208c237be] INFO  com.alibaba.nacos.client.config.impl.ClientWorker[522] - get changedGroupKeys:[]
2020-11-26 14:06:50.758 [com.alibaba.nacos.client.Worker.longPolling.fixed-nacos.k8sml.test.yidian-inc.com-76ee77bd-b7d7-4a9d-94d2-fab208c237be] INFO  com.alibaba.nacos.client.config.impl.ClientWorker[522] - get changedGroupKeys:[]
2020-11-26 14:07:20.270 [com.alibaba.nacos.client.Worker.longPolling.fixed-nacos.k8sml.test.yidian-inc.com-76ee77bd-b7d7-4a9d-94d2-fab208c237be] INFO  com.alibaba.nacos.client.config.impl.ClientWorker[522] - get changedGroupKeys:[]
2020-11-26 14:07:41.127 [SpringContextShutdownHook] INFO  o.s.scheduling.concurrent.ThreadPoolTaskScheduler[218] - Shutting down ExecutorService 'Nacso-Watch-Task-Scheduler'
2020-11-26 14:07:41.137 [SpringContextShutdownHook] INFO  c.a.cloud.nacos.registry.NacosServiceRegistry[80] - De-registering from Nacos Server now...
2020-11-26 14:07:41.138 [SpringContextShutdownHook] INFO  com.alibaba.nacos.client.naming[79] - [BEAT] removing beat: dev@@whitzard-manager:10.60.104.82:8010 from beat map.
2020-11-26 14:07:41.139 [SpringContextShutdownHook] INFO  com.alibaba.nacos.client.naming[218] - [DEREGISTER-SERVICE] 76ee77bd-b7d7-4a9d-94d2-fab208c237be deregistering service dev@@whitzard-manager with instance: {"clusterName":"DEFAULT","enabled":true,"ephemeral":true,"healthy":true,"instanceHeartBeatInterval":5000,"instanceHeartBeatTimeOut":15000,"instanceIdGenerator":"simple","ip":"10.60.104.82","ipDeleteTimeout":30000,"metadata":{},"port":8010,"weight":1.0}
2020-11-26 14:07:41.153 [SpringContextShutdownHook] INFO  c.a.cloud.nacos.registry.NacosServiceRegistry[100] - De-registration finished.
2020-11-26 14:07:41.157 [SpringContextShutdownHook] INFO  o.s.scheduling.concurrent.ThreadPoolTaskExecutor[218] - Shutting down ExecutorService 'applicationTaskExecutor'
2020-11-26 19:57:28.260 [main] INFO  c.a.n.client.config.impl.LocalConfigInfoProcessor[195] - LOCAL_SNAPSHOT_PATH:/Users/admin/nacos/config
2020-11-26 19:57:28.306 [main] INFO  com.alibaba.nacos.client.config.impl.Limiter[53] - limitTime:5.0
2020-11-26 19:57:28.371 [main] WARN  c.a.cloud.nacos.client.NacosPropertySourceBuilder[87] - Ignore the empty nacos configuration and get it based on dataId[whitzard-manager] & group[dev]
2020-11-26 19:57:28.382 [main] WARN  c.a.cloud.nacos.client.NacosPropertySourceBuilder[87] - Ignore the empty nacos configuration and get it based on dataId[whitzard-manager.yaml] & group[dev]
2020-11-26 19:57:28.395 [main] WARN  c.a.cloud.nacos.client.NacosPropertySourceBuilder[87] - Ignore the empty nacos configuration and get it based on dataId[whitzard-manager-dev.yaml] & group[dev]
2020-11-26 19:57:28.396 [main] INFO  o.s.c.b.c.PropertySourceBootstrapConfiguration[112] - Located property source: [BootstrapPropertySource {name='bootstrapProperties-whitzard-manager-dev.yaml,dev'}, BootstrapPropertySource {name='bootstrapProperties-whitzard-manager.yaml,dev'}, BootstrapPropertySource {name='bootstrapProperties-whitzard-manager,dev'}]
2020-11-26 19:57:28.403 [main] INFO  com.newpi.data.WhitzardManager[655] - The following profiles are active: dev
2020-11-26 19:57:29.517 [main] WARN  o.springframework.boot.actuate.endpoint.EndpointId[155] - Endpoint ID 'service-registry' contains invalid characters, please migrate to a valid format.
2020-11-26 19:57:29.643 [main] INFO  o.springframework.cloud.context.scope.GenericScope[295] - BeanFactory id=78ce6d89-4b75-379e-b96e-b8e1b71e8380
2020-11-26 19:57:29.954 [main] INFO  o.s.boot.web.embedded.tomcat.TomcatWebServer[108] - Tomcat initialized with port(s): 8010 (http)
2020-11-26 19:57:29.971 [main] INFO  org.apache.coyote.http11.Http11NioProtocol[173] - Initializing ProtocolHandler ["http-nio-8010"]
2020-11-26 19:57:29.973 [main] INFO  org.apache.catalina.core.StandardService[173] - Starting service [Tomcat]
2020-11-26 19:57:29.974 [main] INFO  org.apache.catalina.core.StandardEngine[173] - Starting Servlet engine: [Apache Tomcat/9.0.39]
2020-11-26 19:57:30.108 [main] INFO  o.a.c.core.ContainerBase.[Tomcat].[localhost].[/][173] - Initializing Spring embedded WebApplicationContext
2020-11-26 19:57:30.108 [main] INFO  o.s.b.w.s.c.ServletWebServerApplicationContext[285] - Root WebApplicationContext: initialization completed in 1681 ms
2020-11-26 19:57:30.382 [main] WARN  o.springframework.boot.actuate.endpoint.EndpointId[155] - Endpoint ID 'nacos-config' contains invalid characters, please migrate to a valid format.
2020-11-26 19:57:30.383 [main] WARN  o.springframework.boot.actuate.endpoint.EndpointId[155] - Endpoint ID 'nacos-discovery' contains invalid characters, please migrate to a valid format.
2020-11-26 19:57:30.491 [main] WARN  com.netflix.config.sources.URLConfigurationSource[121] - No URLs will be polled as dynamic configuration sources.
2020-11-26 19:57:30.492 [main] INFO  com.netflix.config.sources.URLConfigurationSource[122] - To enable URLs as dynamic configuration sources, define System property archaius.configurationSource.additionalUrls or make config.properties available on classpath.
2020-11-26 19:57:30.509 [main] WARN  com.netflix.config.sources.URLConfigurationSource[121] - No URLs will be polled as dynamic configuration sources.
2020-11-26 19:57:30.509 [main] INFO  com.netflix.config.sources.URLConfigurationSource[122] - To enable URLs as dynamic configuration sources, define System property archaius.configurationSource.additionalUrls or make config.properties available on classpath.
2020-11-26 19:57:30.758 [main] INFO  o.s.scheduling.concurrent.ThreadPoolTaskExecutor[181] - Initializing ExecutorService 'applicationTaskExecutor'
2020-11-26 19:57:30.945 [main] INFO  o.s.scheduling.concurrent.ThreadPoolTaskScheduler[181] - Initializing ExecutorService 'Nacso-Watch-Task-Scheduler'
2020-11-26 19:57:30.954 [main] INFO  com.alibaba.nacos.client.naming[56] - initializer namespace from System Property :null
2020-11-26 19:57:30.955 [main] INFO  com.alibaba.nacos.client.naming[65] - initializer namespace from System Environment :null
2020-11-26 19:57:30.956 [main] INFO  com.alibaba.nacos.client.naming[75] - initializer namespace from System Property :null
2020-11-26 19:57:31.439 [main] INFO  o.s.b.actuate.endpoint.web.EndpointLinksResolver[58] - Exposing 19 endpoint(s) beneath base path '/actuator'
2020-11-26 19:57:31.485 [main] INFO  org.apache.coyote.http11.Http11NioProtocol[173] - Starting ProtocolHandler ["http-nio-8010"]
2020-11-26 19:57:31.549 [main] INFO  o.s.boot.web.embedded.tomcat.TomcatWebServer[220] - Tomcat started on port(s): 8010 (http) with context path ''
2020-11-26 19:57:31.553 [main] INFO  com.alibaba.nacos.client.naming[66] - [BEAT] adding beat: {"cluster":"DEFAULT","ip":"10.60.104.82","metadata":{"preserved.register.source":"SPRING_CLOUD"},"period":5000,"port":8010,"scheduled":false,"serviceName":"dev@@whitzard-manager","stopped":false,"weight":1.0} to beat map.
2020-11-26 19:57:31.673 [main] INFO  com.alibaba.nacos.client.naming[196] - [REGISTER-SERVICE] 76ee77bd-b7d7-4a9d-94d2-fab208c237be registering service dev@@whitzard-manager with instance: {"clusterName":"DEFAULT","enabled":true,"ephemeral":true,"healthy":true,"instanceHeartBeatInterval":5000,"instanceHeartBeatTimeOut":15000,"ip":"10.60.104.82","ipDeleteTimeout":30000,"metadata":{"preserved.register.source":"SPRING_CLOUD"},"port":8010,"weight":1.0}
2020-11-26 19:57:31.691 [main] INFO  c.a.cloud.nacos.registry.NacosServiceRegistry[65] - nacos registry, dev whitzard-manager 10.60.104.82:8010 register finished
2020-11-26 19:57:31.711 [main] INFO  com.newpi.data.WhitzardManager[61] - Started WhitzardManager in 7.213 seconds (JVM running for 8.738)
2020-11-26 19:57:31.723 [main] INFO  com.alibaba.nacos.client.config.impl.ClientWorker[197] - [fixed-nacos.k8sml.test.yidian-inc.com-76ee77bd-b7d7-4a9d-94d2-fab208c237be] [subscribe] whitzard-manager-dev.yaml+dev+76ee77bd-b7d7-4a9d-94d2-fab208c237be
2020-11-26 19:57:31.724 [main] INFO  com.alibaba.nacos.client.config.impl.CacheData[92] - [fixed-nacos.k8sml.test.yidian-inc.com-76ee77bd-b7d7-4a9d-94d2-fab208c237be] [add-listener] ok, tenant=76ee77bd-b7d7-4a9d-94d2-fab208c237be, dataId=whitzard-manager-dev.yaml, group=dev, cnt=1
2020-11-26 19:57:31.724 [main] INFO  com.alibaba.nacos.client.config.impl.ClientWorker[197] - [fixed-nacos.k8sml.test.yidian-inc.com-76ee77bd-b7d7-4a9d-94d2-fab208c237be] [subscribe] whitzard-manager.yaml+dev+76ee77bd-b7d7-4a9d-94d2-fab208c237be
2020-11-26 19:57:31.725 [main] INFO  com.alibaba.nacos.client.config.impl.CacheData[92] - [fixed-nacos.k8sml.test.yidian-inc.com-76ee77bd-b7d7-4a9d-94d2-fab208c237be] [add-listener] ok, tenant=76ee77bd-b7d7-4a9d-94d2-fab208c237be, dataId=whitzard-manager.yaml, group=dev, cnt=1
2020-11-26 19:57:31.725 [main] INFO  com.alibaba.nacos.client.config.impl.ClientWorker[197] - [fixed-nacos.k8sml.test.yidian-inc.com-76ee77bd-b7d7-4a9d-94d2-fab208c237be] [subscribe] whitzard-manager+dev+76ee77bd-b7d7-4a9d-94d2-fab208c237be
2020-11-26 19:57:31.725 [main] INFO  com.alibaba.nacos.client.config.impl.CacheData[92] - [fixed-nacos.k8sml.test.yidian-inc.com-76ee77bd-b7d7-4a9d-94d2-fab208c237be] [add-listener] ok, tenant=76ee77bd-b7d7-4a9d-94d2-fab208c237be, dataId=whitzard-manager, group=dev, cnt=1
2020-11-26 19:57:31.737 [com.alibaba.nacos.client.Worker.longPolling.fixed-nacos.k8sml.test.yidian-inc.com-76ee77bd-b7d7-4a9d-94d2-fab208c237be] INFO  com.alibaba.nacos.client.config.impl.ClientWorker[522] - get changedGroupKeys:[]
2020-11-26 19:58:01.442 [com.alibaba.nacos.client.Worker.longPolling.fixed-nacos.k8sml.test.yidian-inc.com-76ee77bd-b7d7-4a9d-94d2-fab208c237be] INFO  com.alibaba.nacos.client.config.impl.ClientWorker[522] - get changedGroupKeys:[]
2020-11-26 19:58:02.256 [http-nio-8010-exec-1] INFO  o.a.c.core.ContainerBase.[Tomcat].[localhost].[/][173] - Initializing Spring DispatcherServlet 'dispatcherServlet'
2020-11-26 19:58:02.257 [http-nio-8010-exec-1] INFO  org.springframework.web.servlet.DispatcherServlet[525] - Initializing Servlet 'dispatcherServlet'
2020-11-26 19:58:02.281 [http-nio-8010-exec-1] INFO  org.springframework.web.servlet.DispatcherServlet[547] - Completed initialization in 24 ms
2020-11-26 19:58:30.974 [com.alibaba.nacos.client.Worker.longPolling.fixed-nacos.k8sml.test.yidian-inc.com-76ee77bd-b7d7-4a9d-94d2-fab208c237be] INFO  com.alibaba.nacos.client.config.impl.ClientWorker[522] - get changedGroupKeys:[]
2020-11-26 19:58:43.669 [SpringContextShutdownHook] INFO  o.s.scheduling.concurrent.ThreadPoolTaskScheduler[218] - Shutting down ExecutorService 'Nacso-Watch-Task-Scheduler'
2020-11-26 19:58:43.672 [SpringContextShutdownHook] INFO  c.a.cloud.nacos.registry.NacosServiceRegistry[80] - De-registering from Nacos Server now...
2020-11-26 19:58:43.672 [SpringContextShutdownHook] INFO  com.alibaba.nacos.client.naming[79] - [BEAT] removing beat: dev@@whitzard-manager:10.60.104.82:8010 from beat map.
2020-11-26 19:58:43.673 [SpringContextShutdownHook] INFO  com.alibaba.nacos.client.naming[218] - [DEREGISTER-SERVICE] 76ee77bd-b7d7-4a9d-94d2-fab208c237be deregistering service dev@@whitzard-manager with instance: {"clusterName":"DEFAULT","enabled":true,"ephemeral":true,"healthy":true,"instanceHeartBeatInterval":5000,"instanceHeartBeatTimeOut":15000,"instanceIdGenerator":"simple","ip":"10.60.104.82","ipDeleteTimeout":30000,"metadata":{},"port":8010,"weight":1.0}
2020-11-26 19:58:43.687 [SpringContextShutdownHook] INFO  c.a.cloud.nacos.registry.NacosServiceRegistry[100] - De-registration finished.
2020-11-26 19:58:43.688 [SpringContextShutdownHook] INFO  o.s.scheduling.concurrent.ThreadPoolTaskExecutor[218] - Shutting down ExecutorService 'applicationTaskExecutor'
2020-11-26 20:00:41.050 [main] INFO  c.a.n.client.config.impl.LocalConfigInfoProcessor[195] - LOCAL_SNAPSHOT_PATH:/Users/admin/nacos/config
2020-11-26 20:00:41.088 [main] INFO  com.alibaba.nacos.client.config.impl.Limiter[53] - limitTime:5.0
2020-11-26 20:00:41.138 [main] WARN  c.a.cloud.nacos.client.NacosPropertySourceBuilder[87] - Ignore the empty nacos configuration and get it based on dataId[whitzard-manager] & group[dev]
2020-11-26 20:00:41.151 [main] WARN  c.a.cloud.nacos.client.NacosPropertySourceBuilder[87] - Ignore the empty nacos configuration and get it based on dataId[whitzard-manager.yaml] & group[dev]
2020-11-26 20:00:41.168 [main] WARN  c.a.cloud.nacos.client.NacosPropertySourceBuilder[87] - Ignore the empty nacos configuration and get it based on dataId[whitzard-manager-dev.yaml] & group[dev]
2020-11-26 20:00:41.170 [main] INFO  o.s.c.b.c.PropertySourceBootstrapConfiguration[112] - Located property source: [BootstrapPropertySource {name='bootstrapProperties-whitzard-manager-dev.yaml,dev'}, BootstrapPropertySource {name='bootstrapProperties-whitzard-manager.yaml,dev'}, BootstrapPropertySource {name='bootstrapProperties-whitzard-manager,dev'}]
2020-11-26 20:00:41.178 [main] INFO  com.newpi.data.WhitzardManager[655] - The following profiles are active: dev
2020-11-26 20:00:42.270 [main] WARN  o.springframework.boot.actuate.endpoint.EndpointId[155] - Endpoint ID 'service-registry' contains invalid characters, please migrate to a valid format.
2020-11-26 20:00:42.410 [main] INFO  o.springframework.cloud.context.scope.GenericScope[295] - BeanFactory id=78ce6d89-4b75-379e-b96e-b8e1b71e8380
2020-11-26 20:00:42.701 [main] INFO  o.s.boot.web.embedded.tomcat.TomcatWebServer[108] - Tomcat initialized with port(s): 8010 (http)
2020-11-26 20:00:42.715 [main] INFO  org.apache.coyote.http11.Http11NioProtocol[173] - Initializing ProtocolHandler ["http-nio-8010"]
2020-11-26 20:00:42.716 [main] INFO  org.apache.catalina.core.StandardService[173] - Starting service [Tomcat]
2020-11-26 20:00:42.716 [main] INFO  org.apache.catalina.core.StandardEngine[173] - Starting Servlet engine: [Apache Tomcat/9.0.39]
2020-11-26 20:00:42.849 [main] INFO  o.a.c.core.ContainerBase.[Tomcat].[localhost].[/][173] - Initializing Spring embedded WebApplicationContext
2020-11-26 20:00:42.849 [main] INFO  o.s.b.w.s.c.ServletWebServerApplicationContext[285] - Root WebApplicationContext: initialization completed in 1650 ms
2020-11-26 20:00:43.059 [main] WARN  o.springframework.boot.actuate.endpoint.EndpointId[155] - Endpoint ID 'nacos-config' contains invalid characters, please migrate to a valid format.
2020-11-26 20:00:43.059 [main] WARN  o.springframework.boot.actuate.endpoint.EndpointId[155] - Endpoint ID 'nacos-discovery' contains invalid characters, please migrate to a valid format.
2020-11-26 20:00:43.159 [main] WARN  com.netflix.config.sources.URLConfigurationSource[121] - No URLs will be polled as dynamic configuration sources.
2020-11-26 20:00:43.159 [main] INFO  com.netflix.config.sources.URLConfigurationSource[122] - To enable URLs as dynamic configuration sources, define System property archaius.configurationSource.additionalUrls or make config.properties available on classpath.
2020-11-26 20:00:43.165 [main] WARN  com.netflix.config.sources.URLConfigurationSource[121] - No URLs will be polled as dynamic configuration sources.
2020-11-26 20:00:43.166 [main] INFO  com.netflix.config.sources.URLConfigurationSource[122] - To enable URLs as dynamic configuration sources, define System property archaius.configurationSource.additionalUrls or make config.properties available on classpath.
2020-11-26 20:00:43.418 [main] INFO  o.s.scheduling.concurrent.ThreadPoolTaskExecutor[181] - Initializing ExecutorService 'applicationTaskExecutor'
2020-11-26 20:00:43.613 [main] INFO  o.s.scheduling.concurrent.ThreadPoolTaskScheduler[181] - Initializing ExecutorService 'Nacso-Watch-Task-Scheduler'
2020-11-26 20:00:43.629 [main] INFO  com.alibaba.nacos.client.naming[56] - initializer namespace from System Property :null
2020-11-26 20:00:43.633 [main] INFO  com.alibaba.nacos.client.naming[65] - initializer namespace from System Environment :null
2020-11-26 20:00:43.634 [main] INFO  com.alibaba.nacos.client.naming[75] - initializer namespace from System Property :null
2020-11-26 20:00:44.099 [main] INFO  o.s.b.actuate.endpoint.web.EndpointLinksResolver[58] - Exposing 19 endpoint(s) beneath base path '/actuator'
2020-11-26 20:00:44.140 [main] INFO  org.apache.coyote.http11.Http11NioProtocol[173] - Starting ProtocolHandler ["http-nio-8010"]
2020-11-26 20:00:44.181 [main] INFO  o.s.boot.web.embedded.tomcat.TomcatWebServer[220] - Tomcat started on port(s): 8010 (http) with context path ''
2020-11-26 20:00:44.186 [main] INFO  com.alibaba.nacos.client.naming[66] - [BEAT] adding beat: {"cluster":"DEFAULT","ip":"10.60.104.82","metadata":{"preserved.register.source":"SPRING_CLOUD"},"period":5000,"port":8010,"scheduled":false,"serviceName":"dev@@whitzard-manager","stopped":false,"weight":1.0} to beat map.
2020-11-26 20:00:44.310 [main] INFO  com.alibaba.nacos.client.naming[196] - [REGISTER-SERVICE] 76ee77bd-b7d7-4a9d-94d2-fab208c237be registering service dev@@whitzard-manager with instance: {"clusterName":"DEFAULT","enabled":true,"ephemeral":true,"healthy":true,"instanceHeartBeatInterval":5000,"instanceHeartBeatTimeOut":15000,"ip":"10.60.104.82","ipDeleteTimeout":30000,"metadata":{"preserved.register.source":"SPRING_CLOUD"},"port":8010,"weight":1.0}
2020-11-26 20:00:44.339 [main] INFO  c.a.cloud.nacos.registry.NacosServiceRegistry[65] - nacos registry, dev whitzard-manager 10.60.104.82:8010 register finished
2020-11-26 20:00:44.359 [main] INFO  com.newpi.data.WhitzardManager[61] - Started WhitzardManager in 5.392 seconds (JVM running for 6.653)
2020-11-26 20:00:44.372 [main] INFO  com.alibaba.nacos.client.config.impl.ClientWorker[197] - [fixed-nacos.k8sml.test.yidian-inc.com-76ee77bd-b7d7-4a9d-94d2-fab208c237be] [subscribe] whitzard-manager-dev.yaml+dev+76ee77bd-b7d7-4a9d-94d2-fab208c237be
2020-11-26 20:00:44.375 [main] INFO  com.alibaba.nacos.client.config.impl.CacheData[92] - [fixed-nacos.k8sml.test.yidian-inc.com-76ee77bd-b7d7-4a9d-94d2-fab208c237be] [add-listener] ok, tenant=76ee77bd-b7d7-4a9d-94d2-fab208c237be, dataId=whitzard-manager-dev.yaml, group=dev, cnt=1
2020-11-26 20:00:44.376 [main] INFO  com.alibaba.nacos.client.config.impl.ClientWorker[197] - [fixed-nacos.k8sml.test.yidian-inc.com-76ee77bd-b7d7-4a9d-94d2-fab208c237be] [subscribe] whitzard-manager.yaml+dev+76ee77bd-b7d7-4a9d-94d2-fab208c237be
2020-11-26 20:00:44.376 [main] INFO  com.alibaba.nacos.client.config.impl.CacheData[92] - [fixed-nacos.k8sml.test.yidian-inc.com-76ee77bd-b7d7-4a9d-94d2-fab208c237be] [add-listener] ok, tenant=76ee77bd-b7d7-4a9d-94d2-fab208c237be, dataId=whitzard-manager.yaml, group=dev, cnt=1
2020-11-26 20:00:44.376 [main] INFO  com.alibaba.nacos.client.config.impl.ClientWorker[197] - [fixed-nacos.k8sml.test.yidian-inc.com-76ee77bd-b7d7-4a9d-94d2-fab208c237be] [subscribe] whitzard-manager+dev+76ee77bd-b7d7-4a9d-94d2-fab208c237be
2020-11-26 20:00:44.376 [main] INFO  com.alibaba.nacos.client.config.impl.CacheData[92] - [fixed-nacos.k8sml.test.yidian-inc.com-76ee77bd-b7d7-4a9d-94d2-fab208c237be] [add-listener] ok, tenant=76ee77bd-b7d7-4a9d-94d2-fab208c237be, dataId=whitzard-manager, group=dev, cnt=1
2020-11-26 20:00:44.384 [com.alibaba.nacos.client.Worker.longPolling.fixed-nacos.k8sml.test.yidian-inc.com-76ee77bd-b7d7-4a9d-94d2-fab208c237be] INFO  com.alibaba.nacos.client.config.impl.ClientWorker[522] - get changedGroupKeys:[]
2020-11-26 20:00:44.392 [com.alibaba.nacos.client.Worker.longPolling.fixed-nacos.k8sml.test.yidian-inc.com-76ee77bd-b7d7-4a9d-94d2-fab208c237be] INFO  com.alibaba.nacos.client.config.impl.ClientWorker[522] - get changedGroupKeys:[]
2020-11-26 20:00:51.276 [http-nio-8010-exec-1] INFO  o.a.c.core.ContainerBase.[Tomcat].[localhost].[/][173] - Initializing Spring DispatcherServlet 'dispatcherServlet'
2020-11-26 20:00:51.276 [http-nio-8010-exec-1] INFO  org.springframework.web.servlet.DispatcherServlet[525] - Initializing Servlet 'dispatcherServlet'
2020-11-26 20:00:51.284 [http-nio-8010-exec-1] INFO  org.springframework.web.servlet.DispatcherServlet[547] - Completed initialization in 8 ms
2020-11-26 20:01:14.105 [com.alibaba.nacos.client.Worker.longPolling.fixed-nacos.k8sml.test.yidian-inc.com-76ee77bd-b7d7-4a9d-94d2-fab208c237be] INFO  com.alibaba.nacos.client.config.impl.ClientWorker[522] - get changedGroupKeys:[]
2020-11-26 20:01:43.688 [com.alibaba.nacos.client.Worker.longPolling.fixed-nacos.k8sml.test.yidian-inc.com-76ee77bd-b7d7-4a9d-94d2-fab208c237be] INFO  com.alibaba.nacos.client.config.impl.ClientWorker[522] - get changedGroupKeys:[]
2020-11-26 20:02:13.256 [com.alibaba.nacos.client.Worker.longPolling.fixed-nacos.k8sml.test.yidian-inc.com-76ee77bd-b7d7-4a9d-94d2-fab208c237be] INFO  com.alibaba.nacos.client.config.impl.ClientWorker[522] - get changedGroupKeys:[]
2020-11-26 20:02:42.772 [com.alibaba.nacos.client.Worker.longPolling.fixed-nacos.k8sml.test.yidian-inc.com-76ee77bd-b7d7-4a9d-94d2-fab208c237be] INFO  com.alibaba.nacos.client.config.impl.ClientWorker[522] - get changedGroupKeys:[]
2020-11-26 20:03:12.365 [com.alibaba.nacos.client.Worker.longPolling.fixed-nacos.k8sml.test.yidian-inc.com-76ee77bd-b7d7-4a9d-94d2-fab208c237be] INFO  com.alibaba.nacos.client.config.impl.ClientWorker[522] - get changedGroupKeys:[]
2020-11-26 20:03:41.958 [com.alibaba.nacos.client.Worker.longPolling.fixed-nacos.k8sml.test.yidian-inc.com-76ee77bd-b7d7-4a9d-94d2-fab208c237be] INFO  com.alibaba.nacos.client.config.impl.ClientWorker[522] - get changedGroupKeys:[]
2020-11-26 20:04:11.554 [com.alibaba.nacos.client.Worker.longPolling.fixed-nacos.k8sml.test.yidian-inc.com-76ee77bd-b7d7-4a9d-94d2-fab208c237be] INFO  com.alibaba.nacos.client.config.impl.ClientWorker[522] - get changedGroupKeys:[]
2020-11-26 20:04:41.071 [com.alibaba.nacos.client.Worker.longPolling.fixed-nacos.k8sml.test.yidian-inc.com-76ee77bd-b7d7-4a9d-94d2-fab208c237be] INFO  com.alibaba.nacos.client.config.impl.ClientWorker[522] - get changedGroupKeys:[]
2020-11-26 20:05:10.589 [com.alibaba.nacos.client.Worker.longPolling.fixed-nacos.k8sml.test.yidian-inc.com-76ee77bd-b7d7-4a9d-94d2-fab208c237be] INFO  com.alibaba.nacos.client.config.impl.ClientWorker[522] - get changedGroupKeys:[]
2020-11-26 20:05:40.098 [com.alibaba.nacos.client.Worker.longPolling.fixed-nacos.k8sml.test.yidian-inc.com-76ee77bd-b7d7-4a9d-94d2-fab208c237be] INFO  com.alibaba.nacos.client.config.impl.ClientWorker[522] - get changedGroupKeys:[]
2020-11-26 20:06:09.612 [com.alibaba.nacos.client.Worker.longPolling.fixed-nacos.k8sml.test.yidian-inc.com-76ee77bd-b7d7-4a9d-94d2-fab208c237be] INFO  com.alibaba.nacos.client.config.impl.ClientWorker[522] - get changedGroupKeys:[]
2020-11-26 20:06:39.121 [com.alibaba.nacos.client.Worker.longPolling.fixed-nacos.k8sml.test.yidian-inc.com-76ee77bd-b7d7-4a9d-94d2-fab208c237be] INFO  com.alibaba.nacos.client.config.impl.ClientWorker[522] - get changedGroupKeys:[]
2020-11-26 20:07:08.717 [com.alibaba.nacos.client.Worker.longPolling.fixed-nacos.k8sml.test.yidian-inc.com-76ee77bd-b7d7-4a9d-94d2-fab208c237be] INFO  com.alibaba.nacos.client.config.impl.ClientWorker[522] - get changedGroupKeys:[]
2020-11-26 20:07:38.233 [com.alibaba.nacos.client.Worker.longPolling.fixed-nacos.k8sml.test.yidian-inc.com-76ee77bd-b7d7-4a9d-94d2-fab208c237be] INFO  com.alibaba.nacos.client.config.impl.ClientWorker[522] - get changedGroupKeys:[]
2020-11-26 20:08:07.784 [com.alibaba.nacos.client.Worker.longPolling.fixed-nacos.k8sml.test.yidian-inc.com-76ee77bd-b7d7-4a9d-94d2-fab208c237be] INFO  com.alibaba.nacos.client.config.impl.ClientWorker[522] - get changedGroupKeys:[]
2020-11-26 20:08:37.333 [com.alibaba.nacos.client.Worker.longPolling.fixed-nacos.k8sml.test.yidian-inc.com-76ee77bd-b7d7-4a9d-94d2-fab208c237be] INFO  com.alibaba.nacos.client.config.impl.ClientWorker[522] - get changedGroupKeys:[]
2020-11-26 20:09:06.841 [com.alibaba.nacos.client.Worker.longPolling.fixed-nacos.k8sml.test.yidian-inc.com-76ee77bd-b7d7-4a9d-94d2-fab208c237be] INFO  com.alibaba.nacos.client.config.impl.ClientWorker[522] - get changedGroupKeys:[]
2020-11-26 20:09:36.350 [com.alibaba.nacos.client.Worker.longPolling.fixed-nacos.k8sml.test.yidian-inc.com-76ee77bd-b7d7-4a9d-94d2-fab208c237be] INFO  com.alibaba.nacos.client.config.impl.ClientWorker[522] - get changedGroupKeys:[]
2020-11-26 20:10:05.953 [com.alibaba.nacos.client.Worker.longPolling.fixed-nacos.k8sml.test.yidian-inc.com-76ee77bd-b7d7-4a9d-94d2-fab208c237be] INFO  com.alibaba.nacos.client.config.impl.ClientWorker[522] - get changedGroupKeys:[]
2020-11-26 20:10:35.549 [com.alibaba.nacos.client.Worker.longPolling.fixed-nacos.k8sml.test.yidian-inc.com-76ee77bd-b7d7-4a9d-94d2-fab208c237be] INFO  com.alibaba.nacos.client.config.impl.ClientWorker[522] - get changedGroupKeys:[]
2020-11-26 20:11:05.139 [com.alibaba.nacos.client.Worker.longPolling.fixed-nacos.k8sml.test.yidian-inc.com-76ee77bd-b7d7-4a9d-94d2-fab208c237be] INFO  com.alibaba.nacos.client.config.impl.ClientWorker[522] - get changedGroupKeys:[]
2020-11-26 20:11:34.731 [com.alibaba.nacos.client.Worker.longPolling.fixed-nacos.k8sml.test.yidian-inc.com-76ee77bd-b7d7-4a9d-94d2-fab208c237be] INFO  com.alibaba.nacos.client.config.impl.ClientWorker[522] - get changedGroupKeys:[]
2020-11-26 20:12:04.328 [com.alibaba.nacos.client.Worker.longPolling.fixed-nacos.k8sml.test.yidian-inc.com-76ee77bd-b7d7-4a9d-94d2-fab208c237be] INFO  com.alibaba.nacos.client.config.impl.ClientWorker[522] - get changedGroupKeys:[]
2020-11-26 20:12:33.920 [com.alibaba.nacos.client.Worker.longPolling.fixed-nacos.k8sml.test.yidian-inc.com-76ee77bd-b7d7-4a9d-94d2-fab208c237be] INFO  com.alibaba.nacos.client.config.impl.ClientWorker[522] - get changedGroupKeys:[]
2020-11-26 20:13:03.429 [com.alibaba.nacos.client.Worker.longPolling.fixed-nacos.k8sml.test.yidian-inc.com-76ee77bd-b7d7-4a9d-94d2-fab208c237be] INFO  com.alibaba.nacos.client.config.impl.ClientWorker[522] - get changedGroupKeys:[]
2020-11-26 20:13:32.937 [com.alibaba.nacos.client.Worker.longPolling.fixed-nacos.k8sml.test.yidian-inc.com-76ee77bd-b7d7-4a9d-94d2-fab208c237be] INFO  com.alibaba.nacos.client.config.impl.ClientWorker[522] - get changedGroupKeys:[]
2020-11-26 20:14:02.444 [com.alibaba.nacos.client.Worker.longPolling.fixed-nacos.k8sml.test.yidian-inc.com-76ee77bd-b7d7-4a9d-94d2-fab208c237be] INFO  com.alibaba.nacos.client.config.impl.ClientWorker[522] - get changedGroupKeys:[]
2020-11-26 20:14:31.984 [com.alibaba.nacos.client.Worker.longPolling.fixed-nacos.k8sml.test.yidian-inc.com-76ee77bd-b7d7-4a9d-94d2-fab208c237be] INFO  com.alibaba.nacos.client.config.impl.ClientWorker[522] - get changedGroupKeys:[]
2020-11-26 20:15:01.496 [com.alibaba.nacos.client.Worker.longPolling.fixed-nacos.k8sml.test.yidian-inc.com-76ee77bd-b7d7-4a9d-94d2-fab208c237be] INFO  com.alibaba.nacos.client.config.impl.ClientWorker[522] - get changedGroupKeys:[]
2020-11-26 20:15:31.068 [com.alibaba.nacos.client.Worker.longPolling.fixed-nacos.k8sml.test.yidian-inc.com-76ee77bd-b7d7-4a9d-94d2-fab208c237be] INFO  com.alibaba.nacos.client.config.impl.ClientWorker[522] - get changedGroupKeys:[]
2020-11-26 20:16:00.576 [com.alibaba.nacos.client.Worker.longPolling.fixed-nacos.k8sml.test.yidian-inc.com-76ee77bd-b7d7-4a9d-94d2-fab208c237be] INFO  com.alibaba.nacos.client.config.impl.ClientWorker[522] - get changedGroupKeys:[]
2020-11-26 20:16:30.087 [com.alibaba.nacos.client.Worker.longPolling.fixed-nacos.k8sml.test.yidian-inc.com-76ee77bd-b7d7-4a9d-94d2-fab208c237be] INFO  com.alibaba.nacos.client.config.impl.ClientWorker[522] - get changedGroupKeys:[]
2020-11-26 20:16:59.602 [com.alibaba.nacos.client.Worker.longPolling.fixed-nacos.k8sml.test.yidian-inc.com-76ee77bd-b7d7-4a9d-94d2-fab208c237be] INFO  com.alibaba.nacos.client.config.impl.ClientWorker[522] - get changedGroupKeys:[]
2020-11-26 20:17:29.136 [com.alibaba.nacos.client.Worker.longPolling.fixed-nacos.k8sml.test.yidian-inc.com-76ee77bd-b7d7-4a9d-94d2-fab208c237be] INFO  com.alibaba.nacos.client.config.impl.ClientWorker[522] - get changedGroupKeys:[]
2020-11-26 20:17:58.721 [com.alibaba.nacos.client.Worker.longPolling.fixed-nacos.k8sml.test.yidian-inc.com-76ee77bd-b7d7-4a9d-94d2-fab208c237be] INFO  com.alibaba.nacos.client.config.impl.ClientWorker[522] - get changedGroupKeys:[]
2020-11-26 20:18:28.233 [com.alibaba.nacos.client.Worker.longPolling.fixed-nacos.k8sml.test.yidian-inc.com-76ee77bd-b7d7-4a9d-94d2-fab208c237be] INFO  com.alibaba.nacos.client.config.impl.ClientWorker[522] - get changedGroupKeys:[]
2020-11-26 20:18:57.810 [com.alibaba.nacos.client.Worker.longPolling.fixed-nacos.k8sml.test.yidian-inc.com-76ee77bd-b7d7-4a9d-94d2-fab208c237be] INFO  com.alibaba.nacos.client.config.impl.ClientWorker[522] - get changedGroupKeys:[]
2020-11-26 20:19:27.406 [com.alibaba.nacos.client.Worker.longPolling.fixed-nacos.k8sml.test.yidian-inc.com-76ee77bd-b7d7-4a9d-94d2-fab208c237be] INFO  com.alibaba.nacos.client.config.impl.ClientWorker[522] - get changedGroupKeys:[]
2020-11-26 20:19:56.919 [com.alibaba.nacos.client.Worker.longPolling.fixed-nacos.k8sml.test.yidian-inc.com-76ee77bd-b7d7-4a9d-94d2-fab208c237be] INFO  com.alibaba.nacos.client.config.impl.ClientWorker[522] - get changedGroupKeys:[]
2020-11-26 20:20:26.486 [com.alibaba.nacos.client.Worker.longPolling.fixed-nacos.k8sml.test.yidian-inc.com-76ee77bd-b7d7-4a9d-94d2-fab208c237be] INFO  com.alibaba.nacos.client.config.impl.ClientWorker[522] - get changedGroupKeys:[]
2020-11-26 20:20:44.417 [SpringContextShutdownHook] INFO  o.s.scheduling.concurrent.ThreadPoolTaskScheduler[218] - Shutting down ExecutorService 'Nacso-Watch-Task-Scheduler'
2020-11-26 20:20:44.426 [SpringContextShutdownHook] INFO  c.a.cloud.nacos.registry.NacosServiceRegistry[80] - De-registering from Nacos Server now...
2020-11-26 20:20:44.427 [SpringContextShutdownHook] INFO  com.alibaba.nacos.client.naming[79] - [BEAT] removing beat: dev@@whitzard-manager:10.60.104.82:8010 from beat map.
2020-11-26 20:20:44.428 [SpringContextShutdownHook] INFO  com.alibaba.nacos.client.naming[218] - [DEREGISTER-SERVICE] 76ee77bd-b7d7-4a9d-94d2-fab208c237be deregistering service dev@@whitzard-manager with instance: {"clusterName":"DEFAULT","enabled":true,"ephemeral":true,"healthy":true,"instanceHeartBeatInterval":5000,"instanceHeartBeatTimeOut":15000,"instanceIdGenerator":"simple","ip":"10.60.104.82","ipDeleteTimeout":30000,"metadata":{},"port":8010,"weight":1.0}
2020-11-26 20:20:44.437 [SpringContextShutdownHook] INFO  c.a.cloud.nacos.registry.NacosServiceRegistry[100] - De-registration finished.
2020-11-26 20:20:44.439 [SpringContextShutdownHook] INFO  o.s.scheduling.concurrent.ThreadPoolTaskExecutor[218] - Shutting down ExecutorService 'applicationTaskExecutor'
