2020-11-21 17:12:09.716 [background-preinit] INFO  org.hibernate.validator.internal.util.Version[21] - HV000001: Hibernate Validator 6.1.6.Final
2020-11-21 17:12:10.387 [main] INFO  c.a.n.client.config.impl.LocalConfigInfoProcessor[195] - LOCAL_SNAPSHOT_PATH:/Users/admin/nacos/config
2020-11-21 17:12:10.424 [main] INFO  com.alibaba.nacos.client.config.impl.Limiter[53] - limitTime:5.0
2020-11-21 17:12:10.602 [main] WARN  c.a.cloud.nacos.client.NacosPropertySourceBuilder[87] - Ignore the empty nacos configuration and get it based on dataId[whitzard-gateway] & group[prod]
2020-11-21 17:12:10.691 [main] WARN  c.a.cloud.nacos.client.NacosPropertySourceBuilder[87] - Ignore the empty nacos configuration and get it based on dataId[whitzard-gateway.yaml] & group[prod]
2020-11-21 17:12:10.745 [main] WARN  c.a.cloud.nacos.client.NacosPropertySourceBuilder[87] - Ignore the empty nacos configuration and get it based on dataId[whitzard-gateway-prod.yaml] & group[prod]
2020-11-21 17:12:10.747 [main] INFO  o.s.c.b.c.PropertySourceBootstrapConfiguration[112] - Located property source: [BootstrapPropertySource {name='bootstrapProperties-whitzard-gateway-prod.yaml,prod'}, BootstrapPropertySource {name='bootstrapProperties-whitzard-gateway.yaml,prod'}, BootstrapPropertySource {name='bootstrapProperties-whitzard-gateway,prod'}]
2020-11-21 17:12:10.753 [main] INFO  com.newpi.data.GatewayApplication[655] - The following profiles are active: prod
2020-11-21 17:12:11.765 [main] WARN  o.springframework.boot.actuate.endpoint.EndpointId[155] - Endpoint ID 'service-registry' contains invalid characters, please migrate to a valid format.
2020-11-21 17:12:11.884 [main] INFO  o.springframework.cloud.context.scope.GenericScope[295] - BeanFactory id=f37b30f5-034f-36e8-b2c3-144bb2637791
2020-11-21 17:12:11.921 [main] INFO  o.s.c.s.PostProcessorRegistrationDelegate$BeanPostProcessorChecker[335] - Bean 'org.springframework.cloud.client.loadbalancer.reactive.LoadBalancerBeanPostProcessorAutoConfiguration' of type [org.springframework.cloud.client.loadbalancer.reactive.LoadBalancerBeanPostProcessorAutoConfiguration] is not eligible for getting processed by all BeanPostProcessors (for example: not eligible for auto-proxying)
2020-11-21 17:12:11.926 [main] INFO  o.s.c.s.PostProcessorRegistrationDelegate$BeanPostProcessorChecker[335] - Bean 'org.springframework.cloud.client.loadbalancer.reactive.LoadBalancerBeanPostProcessorAutoConfiguration$ReactiveLoadBalancerConfig' of type [org.springframework.cloud.client.loadbalancer.reactive.LoadBalancerBeanPostProcessorAutoConfiguration$ReactiveLoadBalancerConfig] is not eligible for getting processed by all BeanPostProcessors (for example: not eligible for auto-proxying)
2020-11-21 17:12:11.928 [main] INFO  o.s.c.s.PostProcessorRegistrationDelegate$BeanPostProcessorChecker[335] - Bean 'deferringLoadBalancerExchangeFilterFunction' of type [org.springframework.cloud.client.loadbalancer.reactive.DeferringLoadBalancerExchangeFilterFunction] is not eligible for getting processed by all BeanPostProcessors (for example: not eligible for auto-proxying)
2020-11-21 17:12:12.103 [main] WARN  com.netflix.config.sources.URLConfigurationSource[121] - No URLs will be polled as dynamic configuration sources.
2020-11-21 17:12:12.103 [main] INFO  com.netflix.config.sources.URLConfigurationSource[122] - To enable URLs as dynamic configuration sources, define System property archaius.configurationSource.additionalUrls or make config.properties available on classpath.
2020-11-21 17:12:12.108 [main] WARN  com.netflix.config.sources.URLConfigurationSource[121] - No URLs will be polled as dynamic configuration sources.
2020-11-21 17:12:12.109 [main] INFO  com.netflix.config.sources.URLConfigurationSource[122] - To enable URLs as dynamic configuration sources, define System property archaius.configurationSource.additionalUrls or make config.properties available on classpath.
2020-11-21 17:12:13.080 [main] INFO  o.s.c.gateway.route.RouteDefinitionRouteLocator[139] - Loaded RoutePredicateFactory [After]
2020-11-21 17:12:13.080 [main] INFO  o.s.c.gateway.route.RouteDefinitionRouteLocator[139] - Loaded RoutePredicateFactory [Before]
2020-11-21 17:12:13.080 [main] INFO  o.s.c.gateway.route.RouteDefinitionRouteLocator[139] - Loaded RoutePredicateFactory [Between]
2020-11-21 17:12:13.081 [main] INFO  o.s.c.gateway.route.RouteDefinitionRouteLocator[139] - Loaded RoutePredicateFactory [Cookie]
2020-11-21 17:12:13.081 [main] INFO  o.s.c.gateway.route.RouteDefinitionRouteLocator[139] - Loaded RoutePredicateFactory [Header]
2020-11-21 17:12:13.082 [main] INFO  o.s.c.gateway.route.RouteDefinitionRouteLocator[139] - Loaded RoutePredicateFactory [Host]
2020-11-21 17:12:13.083 [main] INFO  o.s.c.gateway.route.RouteDefinitionRouteLocator[139] - Loaded RoutePredicateFactory [Method]
2020-11-21 17:12:13.083 [main] INFO  o.s.c.gateway.route.RouteDefinitionRouteLocator[139] - Loaded RoutePredicateFactory [Path]
2020-11-21 17:12:13.084 [main] INFO  o.s.c.gateway.route.RouteDefinitionRouteLocator[139] - Loaded RoutePredicateFactory [Query]
2020-11-21 17:12:13.084 [main] INFO  o.s.c.gateway.route.RouteDefinitionRouteLocator[139] - Loaded RoutePredicateFactory [ReadBodyPredicateFactory]
2020-11-21 17:12:13.085 [main] INFO  o.s.c.gateway.route.RouteDefinitionRouteLocator[139] - Loaded RoutePredicateFactory [RemoteAddr]
2020-11-21 17:12:13.085 [main] INFO  o.s.c.gateway.route.RouteDefinitionRouteLocator[139] - Loaded RoutePredicateFactory [Weight]
2020-11-21 17:12:13.086 [main] INFO  o.s.c.gateway.route.RouteDefinitionRouteLocator[139] - Loaded RoutePredicateFactory [CloudFoundryRouteService]
2020-11-21 17:12:13.288 [main] WARN  o.springframework.boot.actuate.endpoint.EndpointId[155] - Endpoint ID 'nacos-config' contains invalid characters, please migrate to a valid format.
2020-11-21 17:12:13.289 [main] WARN  o.springframework.boot.actuate.endpoint.EndpointId[155] - Endpoint ID 'nacos-discovery' contains invalid characters, please migrate to a valid format.
2020-11-21 17:12:13.427 [main] INFO  com.alibaba.nacos.client.naming[56] - initializer namespace from System Property :null
2020-11-21 17:12:13.431 [main] INFO  com.alibaba.nacos.client.naming[65] - initializer namespace from System Environment :null
2020-11-21 17:12:13.459 [main] INFO  com.alibaba.nacos.client.naming[75] - initializer namespace from System Property :null
2020-11-21 17:12:13.753 [main] INFO  o.s.b.actuate.endpoint.web.EndpointLinksResolver[58] - Exposing 20 endpoint(s) beneath base path '/actuator'
2020-11-21 17:12:13.960 [main] INFO  o.s.scheduling.concurrent.ThreadPoolTaskScheduler[181] - Initializing ExecutorService 'Nacso-Watch-Task-Scheduler'
2020-11-21 17:12:14.474 [main] INFO  o.s.boot.web.embedded.netty.NettyWebServer[109] - Netty started on port(s): 8001
2020-11-21 17:12:14.482 [main] INFO  com.alibaba.nacos.client.naming[66] - [BEAT] adding beat: {"cluster":"DEFAULT","ip":"192.168.43.72","metadata":{"preserved.register.source":"SPRING_CLOUD"},"period":5000,"port":8001,"scheduled":false,"serviceName":"prod@@whitzard-gateway","stopped":false,"weight":1.0} to beat map.
2020-11-21 17:12:14.513 [main] INFO  com.alibaba.nacos.client.naming[196] - [REGISTER-SERVICE] 76ee77bd-b7d7-4a9d-94d2-fab208c237be registering service prod@@whitzard-gateway with instance: {"clusterName":"DEFAULT","enabled":true,"ephemeral":true,"healthy":true,"instanceHeartBeatInterval":5000,"instanceHeartBeatTimeOut":15000,"ip":"192.168.43.72","ipDeleteTimeout":30000,"metadata":{"preserved.register.source":"SPRING_CLOUD"},"port":8001,"weight":1.0}
2020-11-21 17:12:14.626 [main] INFO  c.a.cloud.nacos.registry.NacosServiceRegistry[65] - nacos registry, prod whitzard-gateway 192.168.43.72:8001 register finished
2020-11-21 17:12:14.655 [main] INFO  com.newpi.data.GatewayApplication[61] - Started GatewayApplication in 5.641 seconds (JVM running for 7.023)
2020-11-21 17:12:14.662 [main] INFO  com.alibaba.nacos.client.config.impl.ClientWorker[197] - [fixed-nacos.k8sml.test.yidian-inc.com-76ee77bd-b7d7-4a9d-94d2-fab208c237be] [subscribe] whitzard-gateway-prod.yaml+prod+76ee77bd-b7d7-4a9d-94d2-fab208c237be
2020-11-21 17:12:14.664 [main] INFO  com.alibaba.nacos.client.config.impl.CacheData[92] - [fixed-nacos.k8sml.test.yidian-inc.com-76ee77bd-b7d7-4a9d-94d2-fab208c237be] [add-listener] ok, tenant=76ee77bd-b7d7-4a9d-94d2-fab208c237be, dataId=whitzard-gateway-prod.yaml, group=prod, cnt=1
2020-11-21 17:12:14.664 [main] INFO  com.alibaba.nacos.client.config.impl.ClientWorker[197] - [fixed-nacos.k8sml.test.yidian-inc.com-76ee77bd-b7d7-4a9d-94d2-fab208c237be] [subscribe] whitzard-gateway.yaml+prod+76ee77bd-b7d7-4a9d-94d2-fab208c237be
2020-11-21 17:12:14.664 [main] INFO  com.alibaba.nacos.client.config.impl.CacheData[92] - [fixed-nacos.k8sml.test.yidian-inc.com-76ee77bd-b7d7-4a9d-94d2-fab208c237be] [add-listener] ok, tenant=76ee77bd-b7d7-4a9d-94d2-fab208c237be, dataId=whitzard-gateway.yaml, group=prod, cnt=1
2020-11-21 17:12:14.665 [main] INFO  com.alibaba.nacos.client.config.impl.ClientWorker[197] - [fixed-nacos.k8sml.test.yidian-inc.com-76ee77bd-b7d7-4a9d-94d2-fab208c237be] [subscribe] whitzard-gateway+prod+76ee77bd-b7d7-4a9d-94d2-fab208c237be
2020-11-21 17:12:14.665 [main] INFO  com.alibaba.nacos.client.config.impl.CacheData[92] - [fixed-nacos.k8sml.test.yidian-inc.com-76ee77bd-b7d7-4a9d-94d2-fab208c237be] [add-listener] ok, tenant=76ee77bd-b7d7-4a9d-94d2-fab208c237be, dataId=whitzard-gateway, group=prod, cnt=1
2020-11-21 17:12:14.842 [com.alibaba.nacos.client.Worker.longPolling.fixed-nacos.k8sml.test.yidian-inc.com-76ee77bd-b7d7-4a9d-94d2-fab208c237be] INFO  com.alibaba.nacos.client.config.impl.ClientWorker[522] - get changedGroupKeys:[]
2020-11-21 17:12:15.928 [com.alibaba.nacos.client.naming.updater] INFO  com.alibaba.nacos.client.naming[164] - new ips(1) service: prod@@whitzard-gateway -> [{"clusterName":"DEFAULT","enabled":true,"ephemeral":true,"healthy":true,"instanceHeartBeatInterval":5000,"instanceHeartBeatTimeOut":15000,"instanceId":"192.168.43.72#8001#DEFAULT#prod@@whitzard-gateway","ip":"192.168.43.72","ipDeleteTimeout":30000,"metadata":{"preserved.register.source":"SPRING_CLOUD"},"port":8001,"serviceName":"prod@@whitzard-gateway","weight":1.0}]
2020-11-21 17:12:15.939 [com.alibaba.nacos.client.naming.updater] INFO  com.alibaba.nacos.client.naming[200] - current ips:(1) service: prod@@whitzard-gateway -> [{"clusterName":"DEFAULT","enabled":true,"ephemeral":true,"healthy":true,"instanceHeartBeatInterval":5000,"instanceHeartBeatTimeOut":15000,"instanceId":"192.168.43.72#8001#DEFAULT#prod@@whitzard-gateway","ip":"192.168.43.72","ipDeleteTimeout":30000,"metadata":{"preserved.register.source":"SPRING_CLOUD"},"port":8001,"serviceName":"prod@@whitzard-gateway","weight":1.0}]
2020-11-21 17:12:44.416 [com.alibaba.nacos.client.Worker.longPolling.fixed-nacos.k8sml.test.yidian-inc.com-76ee77bd-b7d7-4a9d-94d2-fab208c237be] INFO  com.alibaba.nacos.client.config.impl.ClientWorker[522] - get changedGroupKeys:[]
2020-11-21 17:13:14.065 [com.alibaba.nacos.client.Worker.longPolling.fixed-nacos.k8sml.test.yidian-inc.com-76ee77bd-b7d7-4a9d-94d2-fab208c237be] INFO  com.alibaba.nacos.client.config.impl.ClientWorker[522] - get changedGroupKeys:[]
2020-11-21 17:13:43.619 [com.alibaba.nacos.client.Worker.longPolling.fixed-nacos.k8sml.test.yidian-inc.com-76ee77bd-b7d7-4a9d-94d2-fab208c237be] INFO  com.alibaba.nacos.client.config.impl.ClientWorker[522] - get changedGroupKeys:[]
2020-11-21 17:14:13.286 [com.alibaba.nacos.client.Worker.longPolling.fixed-nacos.k8sml.test.yidian-inc.com-76ee77bd-b7d7-4a9d-94d2-fab208c237be] INFO  com.alibaba.nacos.client.config.impl.ClientWorker[522] - get changedGroupKeys:[]
2020-11-21 17:14:42.842 [com.alibaba.nacos.client.Worker.longPolling.fixed-nacos.k8sml.test.yidian-inc.com-76ee77bd-b7d7-4a9d-94d2-fab208c237be] INFO  com.alibaba.nacos.client.config.impl.ClientWorker[522] - get changedGroupKeys:[]
2020-11-21 17:14:55.369 [com.alibaba.nacos.client.Worker.longPolling.fixed-nacos.k8sml.test.yidian-inc.com-76ee77bd-b7d7-4a9d-94d2-fab208c237be] INFO  com.alibaba.nacos.client.config.impl.ClientWorker[431] - [fixed-nacos.k8sml.test.yidian-inc.com-76ee77bd-b7d7-4a9d-94d2-fab208c237be] [polling-resp] config changed. dataId=whitzard-gateway-prod.yaml, group=prod, tenant=76ee77bd-b7d7-4a9d-94d2-fab208c237be
2020-11-21 17:14:55.369 [com.alibaba.nacos.client.Worker.longPolling.fixed-nacos.k8sml.test.yidian-inc.com-76ee77bd-b7d7-4a9d-94d2-fab208c237be] INFO  com.alibaba.nacos.client.config.impl.ClientWorker[522] - get changedGroupKeys:[whitzard-gateway-prod.yaml+prod+76ee77bd-b7d7-4a9d-94d2-fab208c237be]
2020-11-21 17:14:55.442 [com.alibaba.nacos.client.Worker.longPolling.fixed-nacos.k8sml.test.yidian-inc.com-76ee77bd-b7d7-4a9d-94d2-fab208c237be] INFO  com.alibaba.nacos.client.config.utils.JVMUtil[47] - isMultiInstance:false
2020-11-21 17:14:55.443 [com.alibaba.nacos.client.Worker.longPolling.fixed-nacos.k8sml.test.yidian-inc.com-76ee77bd-b7d7-4a9d-94d2-fab208c237be] INFO  com.alibaba.nacos.client.config.impl.ClientWorker[539] - [fixed-nacos.k8sml.test.yidian-inc.com-76ee77bd-b7d7-4a9d-94d2-fab208c237be] [data-received] dataId=whitzard-gateway-prod.yaml, group=prod, tenant=76ee77bd-b7d7-4a9d-94d2-fab208c237be, md5=1941f6626f39a41e02718153cf43aa43, content=user: 
  name: FelixCliton
  age: 27, type=text
2020-11-21 17:14:55.444 [com.alibaba.nacos.client.Worker.longPolling.fixed-nacos.k8sml.test.yidian-inc.com-76ee77bd-b7d7-4a9d-94d2-fab208c237be] INFO  com.alibaba.nacos.client.config.impl.CacheData[192] - [fixed-nacos.k8sml.test.yidian-inc.com-76ee77bd-b7d7-4a9d-94d2-fab208c237be] [notify-context] dataId=whitzard-gateway-prod.yaml, group=prod, md5=1941f6626f39a41e02718153cf43aa43
2020-11-21 17:14:55.632 [com.alibaba.nacos.client.Worker.longPolling.fixed-nacos.k8sml.test.yidian-inc.com-76ee77bd-b7d7-4a9d-94d2-fab208c237be] WARN  c.a.cloud.nacos.client.NacosPropertySourceBuilder[87] - Ignore the empty nacos configuration and get it based on dataId[whitzard-gateway] & group[prod]
2020-11-21 17:14:55.697 [com.alibaba.nacos.client.Worker.longPolling.fixed-nacos.k8sml.test.yidian-inc.com-76ee77bd-b7d7-4a9d-94d2-fab208c237be] WARN  c.a.cloud.nacos.client.NacosPropertySourceBuilder[87] - Ignore the empty nacos configuration and get it based on dataId[whitzard-gateway.yaml] & group[prod]
2020-11-21 17:14:55.758 [com.alibaba.nacos.client.Worker.longPolling.fixed-nacos.k8sml.test.yidian-inc.com-76ee77bd-b7d7-4a9d-94d2-fab208c237be] INFO  o.s.c.b.c.PropertySourceBootstrapConfiguration[112] - Located property source: [BootstrapPropertySource {name='bootstrapProperties-whitzard-gateway-prod.yaml,prod'}, BootstrapPropertySource {name='bootstrapProperties-whitzard-gateway.yaml,prod'}, BootstrapPropertySource {name='bootstrapProperties-whitzard-gateway,prod'}]
2020-11-21 17:14:55.762 [com.alibaba.nacos.client.Worker.longPolling.fixed-nacos.k8sml.test.yidian-inc.com-76ee77bd-b7d7-4a9d-94d2-fab208c237be] INFO  org.springframework.boot.SpringApplication[655] - The following profiles are active: prod
2020-11-21 17:14:55.776 [com.alibaba.nacos.client.Worker.longPolling.fixed-nacos.k8sml.test.yidian-inc.com-76ee77bd-b7d7-4a9d-94d2-fab208c237be] INFO  org.springframework.boot.SpringApplication[61] - Started application in 0.328 seconds (JVM running for 168.138)
2020-11-21 17:14:55.969 [com.alibaba.nacos.client.Worker.longPolling.fixed-nacos.k8sml.test.yidian-inc.com-76ee77bd-b7d7-4a9d-94d2-fab208c237be] INFO  o.s.cloud.endpoint.event.RefreshEventListener[73] - Refresh keys changed: [user.age, user.name]
2020-11-21 17:14:55.970 [com.alibaba.nacos.client.Worker.longPolling.fixed-nacos.k8sml.test.yidian-inc.com-76ee77bd-b7d7-4a9d-94d2-fab208c237be] INFO  com.alibaba.nacos.client.config.impl.CacheData[214] - [fixed-nacos.k8sml.test.yidian-inc.com-76ee77bd-b7d7-4a9d-94d2-fab208c237be] [notify-ok] dataId=whitzard-gateway-prod.yaml, group=prod, md5=1941f6626f39a41e02718153cf43aa43, listener=com.alibaba.cloud.nacos.refresh.NacosContextRefresher$1@55398590 
2020-11-21 17:14:55.970 [com.alibaba.nacos.client.Worker.longPolling.fixed-nacos.k8sml.test.yidian-inc.com-76ee77bd-b7d7-4a9d-94d2-fab208c237be] INFO  com.alibaba.nacos.client.config.impl.CacheData[240] - [fixed-nacos.k8sml.test.yidian-inc.com-76ee77bd-b7d7-4a9d-94d2-fab208c237be] [notify-listener] time cost=526ms in ClientWorker, dataId=whitzard-gateway-prod.yaml, group=prod, md5=1941f6626f39a41e02718153cf43aa43, listener=com.alibaba.cloud.nacos.refresh.NacosContextRefresher$1@55398590 
2020-11-21 17:15:12.099 [SpringContextShutdownHook] INFO  o.s.scheduling.concurrent.ThreadPoolTaskScheduler[218] - Shutting down ExecutorService 'Nacso-Watch-Task-Scheduler'
2020-11-21 17:15:12.101 [SpringContextShutdownHook] INFO  c.a.cloud.nacos.registry.NacosServiceRegistry[80] - De-registering from Nacos Server now...
2020-11-21 17:15:12.101 [SpringContextShutdownHook] INFO  com.alibaba.nacos.client.naming[79] - [BEAT] removing beat: prod@@whitzard-gateway:192.168.43.72:8001 from beat map.
2020-11-21 17:15:12.101 [SpringContextShutdownHook] INFO  com.alibaba.nacos.client.naming[218] - [DEREGISTER-SERVICE] 76ee77bd-b7d7-4a9d-94d2-fab208c237be deregistering service prod@@whitzard-gateway with instance: {"clusterName":"DEFAULT","enabled":true,"ephemeral":true,"healthy":true,"instanceHeartBeatInterval":5000,"instanceHeartBeatTimeOut":15000,"instanceIdGenerator":"simple","ip":"192.168.43.72","ipDeleteTimeout":30000,"metadata":{},"port":8001,"weight":1.0}
2020-11-21 17:15:12.157 [SpringContextShutdownHook] INFO  c.a.cloud.nacos.registry.NacosServiceRegistry[100] - De-registration finished.
2020-11-21 17:15:56.290 [background-preinit] INFO  org.hibernate.validator.internal.util.Version[21] - HV000001: Hibernate Validator 6.1.6.Final
2020-11-21 17:15:57.137 [main] INFO  c.a.n.client.config.impl.LocalConfigInfoProcessor[195] - LOCAL_SNAPSHOT_PATH:/Users/admin/nacos/config
2020-11-21 17:15:57.193 [main] INFO  com.alibaba.nacos.client.config.impl.Limiter[53] - limitTime:5.0
2020-11-21 17:15:57.474 [main] WARN  c.a.cloud.nacos.client.NacosPropertySourceBuilder[87] - Ignore the empty nacos configuration and get it based on dataId[whitzard-gateway] & group[prod]
2020-11-21 17:15:57.544 [main] WARN  c.a.cloud.nacos.client.NacosPropertySourceBuilder[87] - Ignore the empty nacos configuration and get it based on dataId[whitzard-gateway.yml] & group[prod]
2020-11-21 17:15:57.591 [main] WARN  c.a.cloud.nacos.client.NacosPropertySourceBuilder[87] - Ignore the empty nacos configuration and get it based on dataId[whitzard-gateway-prod.yml] & group[prod]
2020-11-21 17:15:57.592 [main] INFO  o.s.c.b.c.PropertySourceBootstrapConfiguration[112] - Located property source: [BootstrapPropertySource {name='bootstrapProperties-whitzard-gateway-prod.yml,prod'}, BootstrapPropertySource {name='bootstrapProperties-whitzard-gateway.yml,prod'}, BootstrapPropertySource {name='bootstrapProperties-whitzard-gateway,prod'}]
2020-11-21 17:15:57.600 [main] INFO  com.newpi.data.GatewayApplication[655] - The following profiles are active: prod
2020-11-21 17:15:58.671 [main] WARN  o.springframework.boot.actuate.endpoint.EndpointId[155] - Endpoint ID 'service-registry' contains invalid characters, please migrate to a valid format.
2020-11-21 17:15:58.922 [main] INFO  o.springframework.cloud.context.scope.GenericScope[295] - BeanFactory id=f37b30f5-034f-36e8-b2c3-144bb2637791
2020-11-21 17:15:58.987 [main] INFO  o.s.c.s.PostProcessorRegistrationDelegate$BeanPostProcessorChecker[335] - Bean 'org.springframework.cloud.client.loadbalancer.reactive.LoadBalancerBeanPostProcessorAutoConfiguration' of type [org.springframework.cloud.client.loadbalancer.reactive.LoadBalancerBeanPostProcessorAutoConfiguration] is not eligible for getting processed by all BeanPostProcessors (for example: not eligible for auto-proxying)
2020-11-21 17:15:58.992 [main] INFO  o.s.c.s.PostProcessorRegistrationDelegate$BeanPostProcessorChecker[335] - Bean 'org.springframework.cloud.client.loadbalancer.reactive.LoadBalancerBeanPostProcessorAutoConfiguration$ReactiveLoadBalancerConfig' of type [org.springframework.cloud.client.loadbalancer.reactive.LoadBalancerBeanPostProcessorAutoConfiguration$ReactiveLoadBalancerConfig] is not eligible for getting processed by all BeanPostProcessors (for example: not eligible for auto-proxying)
2020-11-21 17:15:58.994 [main] INFO  o.s.c.s.PostProcessorRegistrationDelegate$BeanPostProcessorChecker[335] - Bean 'deferringLoadBalancerExchangeFilterFunction' of type [org.springframework.cloud.client.loadbalancer.reactive.DeferringLoadBalancerExchangeFilterFunction] is not eligible for getting processed by all BeanPostProcessors (for example: not eligible for auto-proxying)
2020-11-21 17:15:59.495 [main] WARN  com.netflix.config.sources.URLConfigurationSource[121] - No URLs will be polled as dynamic configuration sources.
2020-11-21 17:15:59.496 [main] INFO  com.netflix.config.sources.URLConfigurationSource[122] - To enable URLs as dynamic configuration sources, define System property archaius.configurationSource.additionalUrls or make config.properties available on classpath.
2020-11-21 17:15:59.505 [main] WARN  com.netflix.config.sources.URLConfigurationSource[121] - No URLs will be polled as dynamic configuration sources.
2020-11-21 17:15:59.505 [main] INFO  com.netflix.config.sources.URLConfigurationSource[122] - To enable URLs as dynamic configuration sources, define System property archaius.configurationSource.additionalUrls or make config.properties available on classpath.
2020-11-21 17:16:01.025 [main] INFO  o.s.c.gateway.route.RouteDefinitionRouteLocator[139] - Loaded RoutePredicateFactory [After]
2020-11-21 17:16:01.027 [main] INFO  o.s.c.gateway.route.RouteDefinitionRouteLocator[139] - Loaded RoutePredicateFactory [Before]
2020-11-21 17:16:01.028 [main] INFO  o.s.c.gateway.route.RouteDefinitionRouteLocator[139] - Loaded RoutePredicateFactory [Between]
2020-11-21 17:16:01.028 [main] INFO  o.s.c.gateway.route.RouteDefinitionRouteLocator[139] - Loaded RoutePredicateFactory [Cookie]
2020-11-21 17:16:01.028 [main] INFO  o.s.c.gateway.route.RouteDefinitionRouteLocator[139] - Loaded RoutePredicateFactory [Header]
2020-11-21 17:16:01.029 [main] INFO  o.s.c.gateway.route.RouteDefinitionRouteLocator[139] - Loaded RoutePredicateFactory [Host]
2020-11-21 17:16:01.029 [main] INFO  o.s.c.gateway.route.RouteDefinitionRouteLocator[139] - Loaded RoutePredicateFactory [Method]
2020-11-21 17:16:01.029 [main] INFO  o.s.c.gateway.route.RouteDefinitionRouteLocator[139] - Loaded RoutePredicateFactory [Path]
2020-11-21 17:16:01.030 [main] INFO  o.s.c.gateway.route.RouteDefinitionRouteLocator[139] - Loaded RoutePredicateFactory [Query]
2020-11-21 17:16:01.030 [main] INFO  o.s.c.gateway.route.RouteDefinitionRouteLocator[139] - Loaded RoutePredicateFactory [ReadBodyPredicateFactory]
2020-11-21 17:16:01.030 [main] INFO  o.s.c.gateway.route.RouteDefinitionRouteLocator[139] - Loaded RoutePredicateFactory [RemoteAddr]
2020-11-21 17:16:01.031 [main] INFO  o.s.c.gateway.route.RouteDefinitionRouteLocator[139] - Loaded RoutePredicateFactory [Weight]
2020-11-21 17:16:01.032 [main] INFO  o.s.c.gateway.route.RouteDefinitionRouteLocator[139] - Loaded RoutePredicateFactory [CloudFoundryRouteService]
2020-11-21 17:16:01.359 [main] WARN  o.springframework.boot.actuate.endpoint.EndpointId[155] - Endpoint ID 'nacos-config' contains invalid characters, please migrate to a valid format.
2020-11-21 17:16:01.360 [main] WARN  o.springframework.boot.actuate.endpoint.EndpointId[155] - Endpoint ID 'nacos-discovery' contains invalid characters, please migrate to a valid format.
2020-11-21 17:16:01.436 [main] INFO  com.alibaba.nacos.client.naming[56] - initializer namespace from System Property :null
2020-11-21 17:16:01.437 [main] INFO  com.alibaba.nacos.client.naming[65] - initializer namespace from System Environment :null
2020-11-21 17:16:01.439 [main] INFO  com.alibaba.nacos.client.naming[75] - initializer namespace from System Property :null
2020-11-21 17:16:01.739 [main] INFO  o.s.b.actuate.endpoint.web.EndpointLinksResolver[58] - Exposing 20 endpoint(s) beneath base path '/actuator'
2020-11-21 17:16:01.908 [main] INFO  o.s.scheduling.concurrent.ThreadPoolTaskScheduler[181] - Initializing ExecutorService 'Nacso-Watch-Task-Scheduler'
2020-11-21 17:16:02.217 [main] INFO  o.s.boot.web.embedded.netty.NettyWebServer[109] - Netty started on port(s): 8001
2020-11-21 17:16:02.228 [main] INFO  com.alibaba.nacos.client.naming[66] - [BEAT] adding beat: {"cluster":"DEFAULT","ip":"192.168.43.72","metadata":{"preserved.register.source":"SPRING_CLOUD"},"period":5000,"port":8001,"scheduled":false,"serviceName":"prod@@whitzard-gateway","stopped":false,"weight":1.0} to beat map.
2020-11-21 17:16:02.340 [main] INFO  com.alibaba.nacos.client.naming[196] - [REGISTER-SERVICE] 76ee77bd-b7d7-4a9d-94d2-fab208c237be registering service prod@@whitzard-gateway with instance: {"clusterName":"DEFAULT","enabled":true,"ephemeral":true,"healthy":true,"instanceHeartBeatInterval":5000,"instanceHeartBeatTimeOut":15000,"ip":"192.168.43.72","ipDeleteTimeout":30000,"metadata":{"preserved.register.source":"SPRING_CLOUD"},"port":8001,"weight":1.0}
2020-11-21 17:16:02.395 [main] INFO  c.a.cloud.nacos.registry.NacosServiceRegistry[65] - nacos registry, prod whitzard-gateway 192.168.43.72:8001 register finished
2020-11-21 17:16:02.418 [main] INFO  com.newpi.data.GatewayApplication[61] - Started GatewayApplication in 6.914 seconds (JVM running for 8.275)
2020-11-21 17:16:02.424 [main] INFO  com.alibaba.nacos.client.config.impl.ClientWorker[197] - [fixed-nacos.k8sml.test.yidian-inc.com-76ee77bd-b7d7-4a9d-94d2-fab208c237be] [subscribe] whitzard-gateway.yml+prod+76ee77bd-b7d7-4a9d-94d2-fab208c237be
2020-11-21 17:16:02.430 [main] INFO  com.alibaba.nacos.client.config.impl.CacheData[92] - [fixed-nacos.k8sml.test.yidian-inc.com-76ee77bd-b7d7-4a9d-94d2-fab208c237be] [add-listener] ok, tenant=76ee77bd-b7d7-4a9d-94d2-fab208c237be, dataId=whitzard-gateway.yml, group=prod, cnt=1
2020-11-21 17:16:02.431 [main] INFO  com.alibaba.nacos.client.config.impl.ClientWorker[197] - [fixed-nacos.k8sml.test.yidian-inc.com-76ee77bd-b7d7-4a9d-94d2-fab208c237be] [subscribe] whitzard-gateway-prod.yml+prod+76ee77bd-b7d7-4a9d-94d2-fab208c237be
2020-11-21 17:16:02.431 [main] INFO  com.alibaba.nacos.client.config.impl.CacheData[92] - [fixed-nacos.k8sml.test.yidian-inc.com-76ee77bd-b7d7-4a9d-94d2-fab208c237be] [add-listener] ok, tenant=76ee77bd-b7d7-4a9d-94d2-fab208c237be, dataId=whitzard-gateway-prod.yml, group=prod, cnt=1
2020-11-21 17:16:02.432 [main] INFO  com.alibaba.nacos.client.config.impl.ClientWorker[197] - [fixed-nacos.k8sml.test.yidian-inc.com-76ee77bd-b7d7-4a9d-94d2-fab208c237be] [subscribe] whitzard-gateway+prod+76ee77bd-b7d7-4a9d-94d2-fab208c237be
2020-11-21 17:16:02.433 [main] INFO  com.alibaba.nacos.client.config.impl.CacheData[92] - [fixed-nacos.k8sml.test.yidian-inc.com-76ee77bd-b7d7-4a9d-94d2-fab208c237be] [add-listener] ok, tenant=76ee77bd-b7d7-4a9d-94d2-fab208c237be, dataId=whitzard-gateway, group=prod, cnt=1
2020-11-21 17:16:02.574 [com.alibaba.nacos.client.Worker.longPolling.fixed-nacos.k8sml.test.yidian-inc.com-76ee77bd-b7d7-4a9d-94d2-fab208c237be] INFO  com.alibaba.nacos.client.config.impl.ClientWorker[522] - get changedGroupKeys:[]
2020-11-21 17:16:03.415 [com.alibaba.nacos.client.naming.updater] INFO  com.alibaba.nacos.client.naming[164] - new ips(1) service: prod@@whitzard-gateway -> [{"clusterName":"DEFAULT","enabled":true,"ephemeral":true,"healthy":true,"instanceHeartBeatInterval":5000,"instanceHeartBeatTimeOut":15000,"instanceId":"192.168.43.72#8001#DEFAULT#prod@@whitzard-gateway","ip":"192.168.43.72","ipDeleteTimeout":30000,"metadata":{"preserved.register.source":"SPRING_CLOUD"},"port":8001,"serviceName":"prod@@whitzard-gateway","weight":1.0}]
2020-11-21 17:16:03.429 [com.alibaba.nacos.client.naming.updater] INFO  com.alibaba.nacos.client.naming[200] - current ips:(1) service: prod@@whitzard-gateway -> [{"clusterName":"DEFAULT","enabled":true,"ephemeral":true,"healthy":true,"instanceHeartBeatInterval":5000,"instanceHeartBeatTimeOut":15000,"instanceId":"192.168.43.72#8001#DEFAULT#prod@@whitzard-gateway","ip":"192.168.43.72","ipDeleteTimeout":30000,"metadata":{"preserved.register.source":"SPRING_CLOUD"},"port":8001,"serviceName":"prod@@whitzard-gateway","weight":1.0}]
2020-11-21 17:16:05.845 [SpringContextShutdownHook] INFO  o.s.scheduling.concurrent.ThreadPoolTaskScheduler[218] - Shutting down ExecutorService 'Nacso-Watch-Task-Scheduler'
2020-11-21 17:16:05.846 [SpringContextShutdownHook] INFO  c.a.cloud.nacos.registry.NacosServiceRegistry[80] - De-registering from Nacos Server now...
2020-11-21 17:16:05.847 [SpringContextShutdownHook] INFO  com.alibaba.nacos.client.naming[79] - [BEAT] removing beat: prod@@whitzard-gateway:192.168.43.72:8001 from beat map.
2020-11-21 17:16:05.847 [SpringContextShutdownHook] INFO  com.alibaba.nacos.client.naming[218] - [DEREGISTER-SERVICE] 76ee77bd-b7d7-4a9d-94d2-fab208c237be deregistering service prod@@whitzard-gateway with instance: {"clusterName":"DEFAULT","enabled":true,"ephemeral":true,"healthy":true,"instanceHeartBeatInterval":5000,"instanceHeartBeatTimeOut":15000,"instanceIdGenerator":"simple","ip":"192.168.43.72","ipDeleteTimeout":30000,"metadata":{},"port":8001,"weight":1.0}
2020-11-21 17:16:05.971 [SpringContextShutdownHook] INFO  c.a.cloud.nacos.registry.NacosServiceRegistry[100] - De-registration finished.
2020-11-21 17:16:17.151 [background-preinit] INFO  org.hibernate.validator.internal.util.Version[21] - HV000001: Hibernate Validator 6.1.6.Final
2020-11-21 17:16:18.206 [main] INFO  c.a.n.client.config.impl.LocalConfigInfoProcessor[195] - LOCAL_SNAPSHOT_PATH:/Users/admin/nacos/config
2020-11-21 17:16:18.246 [main] INFO  com.alibaba.nacos.client.config.impl.Limiter[53] - limitTime:5.0
2020-11-21 17:16:18.396 [main] WARN  c.a.cloud.nacos.client.NacosPropertySourceBuilder[87] - Ignore the empty nacos configuration and get it based on dataId[whitzard-gateway] & group[prod]
2020-11-21 17:16:18.453 [main] WARN  c.a.cloud.nacos.client.NacosPropertySourceBuilder[87] - Ignore the empty nacos configuration and get it based on dataId[whitzard-gateway.yaml] & group[prod]
2020-11-21 17:16:18.522 [main] INFO  com.alibaba.nacos.client.config.utils.JVMUtil[47] - isMultiInstance:false
2020-11-21 17:16:18.537 [main] INFO  o.s.c.b.c.PropertySourceBootstrapConfiguration[112] - Located property source: [BootstrapPropertySource {name='bootstrapProperties-whitzard-gateway-prod.yaml,prod'}, BootstrapPropertySource {name='bootstrapProperties-whitzard-gateway.yaml,prod'}, BootstrapPropertySource {name='bootstrapProperties-whitzard-gateway,prod'}]
2020-11-21 17:16:18.544 [main] INFO  com.newpi.data.GatewayApplication[655] - The following profiles are active: prod
2020-11-21 17:16:19.563 [main] WARN  o.springframework.boot.actuate.endpoint.EndpointId[155] - Endpoint ID 'service-registry' contains invalid characters, please migrate to a valid format.
2020-11-21 17:16:19.748 [main] INFO  o.springframework.cloud.context.scope.GenericScope[295] - BeanFactory id=f37b30f5-034f-36e8-b2c3-144bb2637791
2020-11-21 17:16:19.798 [main] INFO  o.s.c.s.PostProcessorRegistrationDelegate$BeanPostProcessorChecker[335] - Bean 'org.springframework.cloud.client.loadbalancer.reactive.LoadBalancerBeanPostProcessorAutoConfiguration' of type [org.springframework.cloud.client.loadbalancer.reactive.LoadBalancerBeanPostProcessorAutoConfiguration] is not eligible for getting processed by all BeanPostProcessors (for example: not eligible for auto-proxying)
2020-11-21 17:16:19.802 [main] INFO  o.s.c.s.PostProcessorRegistrationDelegate$BeanPostProcessorChecker[335] - Bean 'org.springframework.cloud.client.loadbalancer.reactive.LoadBalancerBeanPostProcessorAutoConfiguration$ReactiveLoadBalancerConfig' of type [org.springframework.cloud.client.loadbalancer.reactive.LoadBalancerBeanPostProcessorAutoConfiguration$ReactiveLoadBalancerConfig] is not eligible for getting processed by all BeanPostProcessors (for example: not eligible for auto-proxying)
2020-11-21 17:16:19.803 [main] INFO  o.s.c.s.PostProcessorRegistrationDelegate$BeanPostProcessorChecker[335] - Bean 'deferringLoadBalancerExchangeFilterFunction' of type [org.springframework.cloud.client.loadbalancer.reactive.DeferringLoadBalancerExchangeFilterFunction] is not eligible for getting processed by all BeanPostProcessors (for example: not eligible for auto-proxying)
2020-11-21 17:16:19.963 [main] WARN  com.netflix.config.sources.URLConfigurationSource[121] - No URLs will be polled as dynamic configuration sources.
2020-11-21 17:16:19.963 [main] INFO  com.netflix.config.sources.URLConfigurationSource[122] - To enable URLs as dynamic configuration sources, define System property archaius.configurationSource.additionalUrls or make config.properties available on classpath.
2020-11-21 17:16:19.970 [main] WARN  com.netflix.config.sources.URLConfigurationSource[121] - No URLs will be polled as dynamic configuration sources.
2020-11-21 17:16:19.970 [main] INFO  com.netflix.config.sources.URLConfigurationSource[122] - To enable URLs as dynamic configuration sources, define System property archaius.configurationSource.additionalUrls or make config.properties available on classpath.
2020-11-21 17:16:20.872 [main] INFO  o.s.c.gateway.route.RouteDefinitionRouteLocator[139] - Loaded RoutePredicateFactory [After]
2020-11-21 17:16:20.873 [main] INFO  o.s.c.gateway.route.RouteDefinitionRouteLocator[139] - Loaded RoutePredicateFactory [Before]
2020-11-21 17:16:20.873 [main] INFO  o.s.c.gateway.route.RouteDefinitionRouteLocator[139] - Loaded RoutePredicateFactory [Between]
2020-11-21 17:16:20.873 [main] INFO  o.s.c.gateway.route.RouteDefinitionRouteLocator[139] - Loaded RoutePredicateFactory [Cookie]
2020-11-21 17:16:20.873 [main] INFO  o.s.c.gateway.route.RouteDefinitionRouteLocator[139] - Loaded RoutePredicateFactory [Header]
2020-11-21 17:16:20.874 [main] INFO  o.s.c.gateway.route.RouteDefinitionRouteLocator[139] - Loaded RoutePredicateFactory [Host]
2020-11-21 17:16:20.874 [main] INFO  o.s.c.gateway.route.RouteDefinitionRouteLocator[139] - Loaded RoutePredicateFactory [Method]
2020-11-21 17:16:20.874 [main] INFO  o.s.c.gateway.route.RouteDefinitionRouteLocator[139] - Loaded RoutePredicateFactory [Path]
2020-11-21 17:16:20.874 [main] INFO  o.s.c.gateway.route.RouteDefinitionRouteLocator[139] - Loaded RoutePredicateFactory [Query]
2020-11-21 17:16:20.875 [main] INFO  o.s.c.gateway.route.RouteDefinitionRouteLocator[139] - Loaded RoutePredicateFactory [ReadBodyPredicateFactory]
2020-11-21 17:16:20.875 [main] INFO  o.s.c.gateway.route.RouteDefinitionRouteLocator[139] - Loaded RoutePredicateFactory [RemoteAddr]
2020-11-21 17:16:20.875 [main] INFO  o.s.c.gateway.route.RouteDefinitionRouteLocator[139] - Loaded RoutePredicateFactory [Weight]
2020-11-21 17:16:20.875 [main] INFO  o.s.c.gateway.route.RouteDefinitionRouteLocator[139] - Loaded RoutePredicateFactory [CloudFoundryRouteService]
2020-11-21 17:16:21.039 [main] WARN  o.springframework.boot.actuate.endpoint.EndpointId[155] - Endpoint ID 'nacos-config' contains invalid characters, please migrate to a valid format.
2020-11-21 17:16:21.040 [main] WARN  o.springframework.boot.actuate.endpoint.EndpointId[155] - Endpoint ID 'nacos-discovery' contains invalid characters, please migrate to a valid format.
2020-11-21 17:16:21.113 [main] INFO  com.alibaba.nacos.client.naming[56] - initializer namespace from System Property :null
2020-11-21 17:16:21.114 [main] INFO  com.alibaba.nacos.client.naming[65] - initializer namespace from System Environment :null
2020-11-21 17:16:21.115 [main] INFO  com.alibaba.nacos.client.naming[75] - initializer namespace from System Property :null
2020-11-21 17:16:21.305 [main] INFO  o.s.b.actuate.endpoint.web.EndpointLinksResolver[58] - Exposing 20 endpoint(s) beneath base path '/actuator'
2020-11-21 17:16:21.444 [main] INFO  o.s.scheduling.concurrent.ThreadPoolTaskScheduler[181] - Initializing ExecutorService 'Nacso-Watch-Task-Scheduler'
2020-11-21 17:16:21.748 [main] INFO  o.s.boot.web.embedded.netty.NettyWebServer[109] - Netty started on port(s): 8001
2020-11-21 17:16:21.757 [main] INFO  com.alibaba.nacos.client.naming[66] - [BEAT] adding beat: {"cluster":"DEFAULT","ip":"192.168.43.72","metadata":{"preserved.register.source":"SPRING_CLOUD"},"period":5000,"port":8001,"scheduled":false,"serviceName":"prod@@whitzard-gateway","stopped":false,"weight":1.0} to beat map.
2020-11-21 17:16:21.841 [main] INFO  com.alibaba.nacos.client.naming[196] - [REGISTER-SERVICE] 76ee77bd-b7d7-4a9d-94d2-fab208c237be registering service prod@@whitzard-gateway with instance: {"clusterName":"DEFAULT","enabled":true,"ephemeral":true,"healthy":true,"instanceHeartBeatInterval":5000,"instanceHeartBeatTimeOut":15000,"ip":"192.168.43.72","ipDeleteTimeout":30000,"metadata":{"preserved.register.source":"SPRING_CLOUD"},"port":8001,"weight":1.0}
2020-11-21 17:16:21.941 [main] INFO  c.a.cloud.nacos.registry.NacosServiceRegistry[65] - nacos registry, prod whitzard-gateway 192.168.43.72:8001 register finished
2020-11-21 17:16:21.972 [main] INFO  com.newpi.data.GatewayApplication[61] - Started GatewayApplication in 5.923 seconds (JVM running for 7.167)
2020-11-21 17:16:21.977 [main] INFO  com.alibaba.nacos.client.config.impl.ClientWorker[197] - [fixed-nacos.k8sml.test.yidian-inc.com-76ee77bd-b7d7-4a9d-94d2-fab208c237be] [subscribe] whitzard-gateway-prod.yaml+prod+76ee77bd-b7d7-4a9d-94d2-fab208c237be
2020-11-21 17:16:21.979 [main] INFO  com.alibaba.nacos.client.config.impl.CacheData[92] - [fixed-nacos.k8sml.test.yidian-inc.com-76ee77bd-b7d7-4a9d-94d2-fab208c237be] [add-listener] ok, tenant=76ee77bd-b7d7-4a9d-94d2-fab208c237be, dataId=whitzard-gateway-prod.yaml, group=prod, cnt=1
2020-11-21 17:16:21.979 [main] INFO  com.alibaba.nacos.client.config.impl.ClientWorker[197] - [fixed-nacos.k8sml.test.yidian-inc.com-76ee77bd-b7d7-4a9d-94d2-fab208c237be] [subscribe] whitzard-gateway.yaml+prod+76ee77bd-b7d7-4a9d-94d2-fab208c237be
2020-11-21 17:16:21.980 [main] INFO  com.alibaba.nacos.client.config.impl.CacheData[92] - [fixed-nacos.k8sml.test.yidian-inc.com-76ee77bd-b7d7-4a9d-94d2-fab208c237be] [add-listener] ok, tenant=76ee77bd-b7d7-4a9d-94d2-fab208c237be, dataId=whitzard-gateway.yaml, group=prod, cnt=1
2020-11-21 17:16:21.981 [main] INFO  com.alibaba.nacos.client.config.impl.ClientWorker[197] - [fixed-nacos.k8sml.test.yidian-inc.com-76ee77bd-b7d7-4a9d-94d2-fab208c237be] [subscribe] whitzard-gateway+prod+76ee77bd-b7d7-4a9d-94d2-fab208c237be
2020-11-21 17:16:21.981 [main] INFO  com.alibaba.nacos.client.config.impl.CacheData[92] - [fixed-nacos.k8sml.test.yidian-inc.com-76ee77bd-b7d7-4a9d-94d2-fab208c237be] [add-listener] ok, tenant=76ee77bd-b7d7-4a9d-94d2-fab208c237be, dataId=whitzard-gateway, group=prod, cnt=1
2020-11-21 17:16:22.047 [com.alibaba.nacos.client.Worker.longPolling.fixed-nacos.k8sml.test.yidian-inc.com-76ee77bd-b7d7-4a9d-94d2-fab208c237be] INFO  com.alibaba.nacos.client.config.impl.ClientWorker[522] - get changedGroupKeys:[]
2020-11-21 17:16:22.104 [com.alibaba.nacos.client.Worker.longPolling.fixed-nacos.k8sml.test.yidian-inc.com-76ee77bd-b7d7-4a9d-94d2-fab208c237be] INFO  com.alibaba.nacos.client.config.impl.ClientWorker[522] - get changedGroupKeys:[]
2020-11-21 17:16:22.956 [com.alibaba.nacos.client.naming.updater] INFO  com.alibaba.nacos.client.naming[164] - new ips(1) service: prod@@whitzard-gateway -> [{"clusterName":"DEFAULT","enabled":true,"ephemeral":true,"healthy":true,"instanceHeartBeatInterval":5000,"instanceHeartBeatTimeOut":15000,"instanceId":"192.168.43.72#8001#DEFAULT#prod@@whitzard-gateway","ip":"192.168.43.72","ipDeleteTimeout":30000,"metadata":{"preserved.register.source":"SPRING_CLOUD"},"port":8001,"serviceName":"prod@@whitzard-gateway","weight":1.0}]
2020-11-21 17:16:22.965 [com.alibaba.nacos.client.naming.updater] INFO  com.alibaba.nacos.client.naming[200] - current ips:(1) service: prod@@whitzard-gateway -> [{"clusterName":"DEFAULT","enabled":true,"ephemeral":true,"healthy":true,"instanceHeartBeatInterval":5000,"instanceHeartBeatTimeOut":15000,"instanceId":"192.168.43.72#8001#DEFAULT#prod@@whitzard-gateway","ip":"192.168.43.72","ipDeleteTimeout":30000,"metadata":{"preserved.register.source":"SPRING_CLOUD"},"port":8001,"serviceName":"prod@@whitzard-gateway","weight":1.0}]
2020-11-21 17:16:25.094 [SpringContextShutdownHook] INFO  o.s.scheduling.concurrent.ThreadPoolTaskScheduler[218] - Shutting down ExecutorService 'Nacso-Watch-Task-Scheduler'
2020-11-21 17:16:25.101 [SpringContextShutdownHook] INFO  c.a.cloud.nacos.registry.NacosServiceRegistry[80] - De-registering from Nacos Server now...
2020-11-21 17:16:25.102 [SpringContextShutdownHook] INFO  com.alibaba.nacos.client.naming[79] - [BEAT] removing beat: prod@@whitzard-gateway:192.168.43.72:8001 from beat map.
2020-11-21 17:16:25.104 [SpringContextShutdownHook] INFO  com.alibaba.nacos.client.naming[218] - [DEREGISTER-SERVICE] 76ee77bd-b7d7-4a9d-94d2-fab208c237be deregistering service prod@@whitzard-gateway with instance: {"clusterName":"DEFAULT","enabled":true,"ephemeral":true,"healthy":true,"instanceHeartBeatInterval":5000,"instanceHeartBeatTimeOut":15000,"instanceIdGenerator":"simple","ip":"192.168.43.72","ipDeleteTimeout":30000,"metadata":{},"port":8001,"weight":1.0}
2020-11-21 17:16:25.172 [SpringContextShutdownHook] INFO  c.a.cloud.nacos.registry.NacosServiceRegistry[100] - De-registration finished.
2020-11-21 17:17:40.995 [background-preinit] INFO  org.hibernate.validator.internal.util.Version[21] - HV000001: Hibernate Validator 6.1.6.Final
2020-11-21 17:17:42.275 [main] INFO  c.a.n.client.config.impl.LocalConfigInfoProcessor[195] - LOCAL_SNAPSHOT_PATH:/Users/admin/nacos/config
2020-11-21 17:17:42.364 [main] INFO  com.alibaba.nacos.client.config.impl.Limiter[53] - limitTime:5.0
2020-11-21 17:17:42.517 [main] WARN  c.a.cloud.nacos.client.NacosPropertySourceBuilder[87] - Ignore the empty nacos configuration and get it based on dataId[whitzard-gateway] & group[test]
2020-11-21 17:17:42.570 [main] WARN  c.a.cloud.nacos.client.NacosPropertySourceBuilder[87] - Ignore the empty nacos configuration and get it based on dataId[whitzard-gateway.yaml] & group[test]
2020-11-21 17:17:42.624 [main] WARN  c.a.cloud.nacos.client.NacosPropertySourceBuilder[87] - Ignore the empty nacos configuration and get it based on dataId[whitzard-gateway-test.yaml] & group[test]
2020-11-21 17:17:42.625 [main] INFO  o.s.c.b.c.PropertySourceBootstrapConfiguration[112] - Located property source: [BootstrapPropertySource {name='bootstrapProperties-whitzard-gateway-test.yaml,test'}, BootstrapPropertySource {name='bootstrapProperties-whitzard-gateway.yaml,test'}, BootstrapPropertySource {name='bootstrapProperties-whitzard-gateway,test'}]
2020-11-21 17:17:42.635 [main] INFO  com.newpi.data.GatewayApplication[655] - The following profiles are active: test
2020-11-21 17:17:43.747 [main] WARN  o.springframework.boot.actuate.endpoint.EndpointId[155] - Endpoint ID 'service-registry' contains invalid characters, please migrate to a valid format.
2020-11-21 17:17:43.945 [main] INFO  o.springframework.cloud.context.scope.GenericScope[295] - BeanFactory id=f37b30f5-034f-36e8-b2c3-144bb2637791
2020-11-21 17:17:43.998 [main] INFO  o.s.c.s.PostProcessorRegistrationDelegate$BeanPostProcessorChecker[335] - Bean 'org.springframework.cloud.client.loadbalancer.reactive.LoadBalancerBeanPostProcessorAutoConfiguration' of type [org.springframework.cloud.client.loadbalancer.reactive.LoadBalancerBeanPostProcessorAutoConfiguration] is not eligible for getting processed by all BeanPostProcessors (for example: not eligible for auto-proxying)
2020-11-21 17:17:44.002 [main] INFO  o.s.c.s.PostProcessorRegistrationDelegate$BeanPostProcessorChecker[335] - Bean 'org.springframework.cloud.client.loadbalancer.reactive.LoadBalancerBeanPostProcessorAutoConfiguration$ReactiveLoadBalancerConfig' of type [org.springframework.cloud.client.loadbalancer.reactive.LoadBalancerBeanPostProcessorAutoConfiguration$ReactiveLoadBalancerConfig] is not eligible for getting processed by all BeanPostProcessors (for example: not eligible for auto-proxying)
2020-11-21 17:17:44.004 [main] INFO  o.s.c.s.PostProcessorRegistrationDelegate$BeanPostProcessorChecker[335] - Bean 'deferringLoadBalancerExchangeFilterFunction' of type [org.springframework.cloud.client.loadbalancer.reactive.DeferringLoadBalancerExchangeFilterFunction] is not eligible for getting processed by all BeanPostProcessors (for example: not eligible for auto-proxying)
2020-11-21 17:17:44.199 [main] WARN  com.netflix.config.sources.URLConfigurationSource[121] - No URLs will be polled as dynamic configuration sources.
2020-11-21 17:17:44.199 [main] INFO  com.netflix.config.sources.URLConfigurationSource[122] - To enable URLs as dynamic configuration sources, define System property archaius.configurationSource.additionalUrls or make config.properties available on classpath.
2020-11-21 17:17:44.217 [main] WARN  com.netflix.config.sources.URLConfigurationSource[121] - No URLs will be polled as dynamic configuration sources.
2020-11-21 17:17:44.218 [main] INFO  com.netflix.config.sources.URLConfigurationSource[122] - To enable URLs as dynamic configuration sources, define System property archaius.configurationSource.additionalUrls or make config.properties available on classpath.
2020-11-21 17:17:45.246 [main] INFO  o.s.c.gateway.route.RouteDefinitionRouteLocator[139] - Loaded RoutePredicateFactory [After]
2020-11-21 17:17:45.247 [main] INFO  o.s.c.gateway.route.RouteDefinitionRouteLocator[139] - Loaded RoutePredicateFactory [Before]
2020-11-21 17:17:45.247 [main] INFO  o.s.c.gateway.route.RouteDefinitionRouteLocator[139] - Loaded RoutePredicateFactory [Between]
2020-11-21 17:17:45.248 [main] INFO  o.s.c.gateway.route.RouteDefinitionRouteLocator[139] - Loaded RoutePredicateFactory [Cookie]
2020-11-21 17:17:45.248 [main] INFO  o.s.c.gateway.route.RouteDefinitionRouteLocator[139] - Loaded RoutePredicateFactory [Header]
2020-11-21 17:17:45.248 [main] INFO  o.s.c.gateway.route.RouteDefinitionRouteLocator[139] - Loaded RoutePredicateFactory [Host]
2020-11-21 17:17:45.248 [main] INFO  o.s.c.gateway.route.RouteDefinitionRouteLocator[139] - Loaded RoutePredicateFactory [Method]
2020-11-21 17:17:45.249 [main] INFO  o.s.c.gateway.route.RouteDefinitionRouteLocator[139] - Loaded RoutePredicateFactory [Path]
2020-11-21 17:17:45.249 [main] INFO  o.s.c.gateway.route.RouteDefinitionRouteLocator[139] - Loaded RoutePredicateFactory [Query]
2020-11-21 17:17:45.249 [main] INFO  o.s.c.gateway.route.RouteDefinitionRouteLocator[139] - Loaded RoutePredicateFactory [ReadBodyPredicateFactory]
2020-11-21 17:17:45.249 [main] INFO  o.s.c.gateway.route.RouteDefinitionRouteLocator[139] - Loaded RoutePredicateFactory [RemoteAddr]
2020-11-21 17:17:45.250 [main] INFO  o.s.c.gateway.route.RouteDefinitionRouteLocator[139] - Loaded RoutePredicateFactory [Weight]
2020-11-21 17:17:45.250 [main] INFO  o.s.c.gateway.route.RouteDefinitionRouteLocator[139] - Loaded RoutePredicateFactory [CloudFoundryRouteService]
2020-11-21 17:17:45.424 [main] WARN  o.springframework.boot.actuate.endpoint.EndpointId[155] - Endpoint ID 'nacos-config' contains invalid characters, please migrate to a valid format.
2020-11-21 17:17:45.424 [main] WARN  o.springframework.boot.actuate.endpoint.EndpointId[155] - Endpoint ID 'nacos-discovery' contains invalid characters, please migrate to a valid format.
2020-11-21 17:17:45.500 [main] INFO  com.alibaba.nacos.client.naming[56] - initializer namespace from System Property :null
2020-11-21 17:17:45.502 [main] INFO  com.alibaba.nacos.client.naming[65] - initializer namespace from System Environment :null
2020-11-21 17:17:45.508 [main] INFO  com.alibaba.nacos.client.naming[75] - initializer namespace from System Property :null
2020-11-21 17:17:45.681 [main] INFO  o.s.b.actuate.endpoint.web.EndpointLinksResolver[58] - Exposing 20 endpoint(s) beneath base path '/actuator'
2020-11-21 17:17:45.827 [main] INFO  o.s.scheduling.concurrent.ThreadPoolTaskScheduler[181] - Initializing ExecutorService 'Nacso-Watch-Task-Scheduler'
2020-11-21 17:17:46.122 [main] INFO  o.s.boot.web.embedded.netty.NettyWebServer[109] - Netty started on port(s): 8001
2020-11-21 17:17:46.133 [main] INFO  com.alibaba.nacos.client.naming[66] - [BEAT] adding beat: {"cluster":"DEFAULT","ip":"192.168.43.72","metadata":{"preserved.register.source":"SPRING_CLOUD"},"period":5000,"port":8001,"scheduled":false,"serviceName":"test@@whitzard-gateway","stopped":false,"weight":1.0} to beat map.
2020-11-21 17:17:46.197 [main] INFO  com.alibaba.nacos.client.naming[196] - [REGISTER-SERVICE] 76ee77bd-b7d7-4a9d-94d2-fab208c237be registering service test@@whitzard-gateway with instance: {"clusterName":"DEFAULT","enabled":true,"ephemeral":true,"healthy":true,"instanceHeartBeatInterval":5000,"instanceHeartBeatTimeOut":15000,"ip":"192.168.43.72","ipDeleteTimeout":30000,"metadata":{"preserved.register.source":"SPRING_CLOUD"},"port":8001,"weight":1.0}
2020-11-21 17:17:46.270 [main] INFO  c.a.cloud.nacos.registry.NacosServiceRegistry[65] - nacos registry, test whitzard-gateway 192.168.43.72:8001 register finished
2020-11-21 17:17:46.293 [main] INFO  com.newpi.data.GatewayApplication[61] - Started GatewayApplication in 6.357 seconds (JVM running for 7.829)
2020-11-21 17:17:46.298 [main] INFO  com.alibaba.nacos.client.config.impl.ClientWorker[197] - [fixed-nacos.k8sml.test.yidian-inc.com-76ee77bd-b7d7-4a9d-94d2-fab208c237be] [subscribe] whitzard-gateway-test.yaml+test+76ee77bd-b7d7-4a9d-94d2-fab208c237be
2020-11-21 17:17:46.299 [main] INFO  com.alibaba.nacos.client.config.impl.CacheData[92] - [fixed-nacos.k8sml.test.yidian-inc.com-76ee77bd-b7d7-4a9d-94d2-fab208c237be] [add-listener] ok, tenant=76ee77bd-b7d7-4a9d-94d2-fab208c237be, dataId=whitzard-gateway-test.yaml, group=test, cnt=1
2020-11-21 17:17:46.299 [main] INFO  com.alibaba.nacos.client.config.impl.ClientWorker[197] - [fixed-nacos.k8sml.test.yidian-inc.com-76ee77bd-b7d7-4a9d-94d2-fab208c237be] [subscribe] whitzard-gateway.yaml+test+76ee77bd-b7d7-4a9d-94d2-fab208c237be
2020-11-21 17:17:46.299 [main] INFO  com.alibaba.nacos.client.config.impl.CacheData[92] - [fixed-nacos.k8sml.test.yidian-inc.com-76ee77bd-b7d7-4a9d-94d2-fab208c237be] [add-listener] ok, tenant=76ee77bd-b7d7-4a9d-94d2-fab208c237be, dataId=whitzard-gateway.yaml, group=test, cnt=1
2020-11-21 17:17:46.300 [main] INFO  com.alibaba.nacos.client.config.impl.ClientWorker[197] - [fixed-nacos.k8sml.test.yidian-inc.com-76ee77bd-b7d7-4a9d-94d2-fab208c237be] [subscribe] whitzard-gateway+test+76ee77bd-b7d7-4a9d-94d2-fab208c237be
2020-11-21 17:17:46.300 [main] INFO  com.alibaba.nacos.client.config.impl.CacheData[92] - [fixed-nacos.k8sml.test.yidian-inc.com-76ee77bd-b7d7-4a9d-94d2-fab208c237be] [add-listener] ok, tenant=76ee77bd-b7d7-4a9d-94d2-fab208c237be, dataId=whitzard-gateway, group=test, cnt=1
2020-11-21 17:17:46.413 [com.alibaba.nacos.client.Worker.longPolling.fixed-nacos.k8sml.test.yidian-inc.com-76ee77bd-b7d7-4a9d-94d2-fab208c237be] INFO  com.alibaba.nacos.client.config.impl.ClientWorker[522] - get changedGroupKeys:[]
2020-11-21 17:17:49.581 [SpringContextShutdownHook] INFO  o.s.scheduling.concurrent.ThreadPoolTaskScheduler[218] - Shutting down ExecutorService 'Nacso-Watch-Task-Scheduler'
2020-11-21 17:17:49.583 [SpringContextShutdownHook] INFO  c.a.cloud.nacos.registry.NacosServiceRegistry[80] - De-registering from Nacos Server now...
2020-11-21 17:17:49.584 [SpringContextShutdownHook] INFO  com.alibaba.nacos.client.naming[79] - [BEAT] removing beat: test@@whitzard-gateway:192.168.43.72:8001 from beat map.
2020-11-21 17:17:49.584 [SpringContextShutdownHook] INFO  com.alibaba.nacos.client.naming[218] - [DEREGISTER-SERVICE] 76ee77bd-b7d7-4a9d-94d2-fab208c237be deregistering service test@@whitzard-gateway with instance: {"clusterName":"DEFAULT","enabled":true,"ephemeral":true,"healthy":true,"instanceHeartBeatInterval":5000,"instanceHeartBeatTimeOut":15000,"instanceIdGenerator":"simple","ip":"192.168.43.72","ipDeleteTimeout":30000,"metadata":{},"port":8001,"weight":1.0}
2020-11-21 17:17:49.655 [SpringContextShutdownHook] INFO  c.a.cloud.nacos.registry.NacosServiceRegistry[100] - De-registration finished.
2020-11-21 17:18:02.496 [background-preinit] INFO  org.hibernate.validator.internal.util.Version[21] - HV000001: Hibernate Validator 6.1.6.Final
2020-11-21 17:18:03.750 [main] INFO  c.a.n.client.config.impl.LocalConfigInfoProcessor[195] - LOCAL_SNAPSHOT_PATH:/Users/admin/nacos/config
2020-11-21 17:18:03.824 [main] INFO  com.alibaba.nacos.client.config.impl.Limiter[53] - limitTime:5.0
2020-11-21 17:18:03.996 [main] WARN  c.a.cloud.nacos.client.NacosPropertySourceBuilder[87] - Ignore the empty nacos configuration and get it based on dataId[whitzard-gateway] & group[test]
2020-11-21 17:18:04.044 [main] WARN  c.a.cloud.nacos.client.NacosPropertySourceBuilder[87] - Ignore the empty nacos configuration and get it based on dataId[whitzard-gateway.yml] & group[test]
2020-11-21 17:18:04.110 [main] INFO  com.alibaba.nacos.client.config.utils.JVMUtil[47] - isMultiInstance:false
2020-11-21 17:18:04.128 [main] INFO  o.s.c.b.c.PropertySourceBootstrapConfiguration[112] - Located property source: [BootstrapPropertySource {name='bootstrapProperties-whitzard-gateway-test.yml,test'}, BootstrapPropertySource {name='bootstrapProperties-whitzard-gateway.yml,test'}, BootstrapPropertySource {name='bootstrapProperties-whitzard-gateway,test'}]
2020-11-21 17:18:04.139 [main] INFO  com.newpi.data.GatewayApplication[655] - The following profiles are active: test
2020-11-21 17:18:05.190 [main] WARN  o.springframework.boot.actuate.endpoint.EndpointId[155] - Endpoint ID 'service-registry' contains invalid characters, please migrate to a valid format.
2020-11-21 17:18:05.335 [main] INFO  o.springframework.cloud.context.scope.GenericScope[295] - BeanFactory id=f37b30f5-034f-36e8-b2c3-144bb2637791
2020-11-21 17:18:05.386 [main] INFO  o.s.c.s.PostProcessorRegistrationDelegate$BeanPostProcessorChecker[335] - Bean 'org.springframework.cloud.client.loadbalancer.reactive.LoadBalancerBeanPostProcessorAutoConfiguration' of type [org.springframework.cloud.client.loadbalancer.reactive.LoadBalancerBeanPostProcessorAutoConfiguration] is not eligible for getting processed by all BeanPostProcessors (for example: not eligible for auto-proxying)
2020-11-21 17:18:05.392 [main] INFO  o.s.c.s.PostProcessorRegistrationDelegate$BeanPostProcessorChecker[335] - Bean 'org.springframework.cloud.client.loadbalancer.reactive.LoadBalancerBeanPostProcessorAutoConfiguration$ReactiveLoadBalancerConfig' of type [org.springframework.cloud.client.loadbalancer.reactive.LoadBalancerBeanPostProcessorAutoConfiguration$ReactiveLoadBalancerConfig] is not eligible for getting processed by all BeanPostProcessors (for example: not eligible for auto-proxying)
2020-11-21 17:18:05.395 [main] INFO  o.s.c.s.PostProcessorRegistrationDelegate$BeanPostProcessorChecker[335] - Bean 'deferringLoadBalancerExchangeFilterFunction' of type [org.springframework.cloud.client.loadbalancer.reactive.DeferringLoadBalancerExchangeFilterFunction] is not eligible for getting processed by all BeanPostProcessors (for example: not eligible for auto-proxying)
2020-11-21 17:18:05.663 [main] WARN  com.netflix.config.sources.URLConfigurationSource[121] - No URLs will be polled as dynamic configuration sources.
2020-11-21 17:18:05.664 [main] INFO  com.netflix.config.sources.URLConfigurationSource[122] - To enable URLs as dynamic configuration sources, define System property archaius.configurationSource.additionalUrls or make config.properties available on classpath.
2020-11-21 17:18:05.671 [main] WARN  com.netflix.config.sources.URLConfigurationSource[121] - No URLs will be polled as dynamic configuration sources.
2020-11-21 17:18:05.672 [main] INFO  com.netflix.config.sources.URLConfigurationSource[122] - To enable URLs as dynamic configuration sources, define System property archaius.configurationSource.additionalUrls or make config.properties available on classpath.
2020-11-21 17:18:06.654 [main] INFO  o.s.c.gateway.route.RouteDefinitionRouteLocator[139] - Loaded RoutePredicateFactory [After]
2020-11-21 17:18:06.655 [main] INFO  o.s.c.gateway.route.RouteDefinitionRouteLocator[139] - Loaded RoutePredicateFactory [Before]
2020-11-21 17:18:06.655 [main] INFO  o.s.c.gateway.route.RouteDefinitionRouteLocator[139] - Loaded RoutePredicateFactory [Between]
2020-11-21 17:18:06.655 [main] INFO  o.s.c.gateway.route.RouteDefinitionRouteLocator[139] - Loaded RoutePredicateFactory [Cookie]
2020-11-21 17:18:06.656 [main] INFO  o.s.c.gateway.route.RouteDefinitionRouteLocator[139] - Loaded RoutePredicateFactory [Header]
2020-11-21 17:18:06.656 [main] INFO  o.s.c.gateway.route.RouteDefinitionRouteLocator[139] - Loaded RoutePredicateFactory [Host]
2020-11-21 17:18:06.656 [main] INFO  o.s.c.gateway.route.RouteDefinitionRouteLocator[139] - Loaded RoutePredicateFactory [Method]
2020-11-21 17:18:06.656 [main] INFO  o.s.c.gateway.route.RouteDefinitionRouteLocator[139] - Loaded RoutePredicateFactory [Path]
2020-11-21 17:18:06.657 [main] INFO  o.s.c.gateway.route.RouteDefinitionRouteLocator[139] - Loaded RoutePredicateFactory [Query]
2020-11-21 17:18:06.657 [main] INFO  o.s.c.gateway.route.RouteDefinitionRouteLocator[139] - Loaded RoutePredicateFactory [ReadBodyPredicateFactory]
2020-11-21 17:18:06.657 [main] INFO  o.s.c.gateway.route.RouteDefinitionRouteLocator[139] - Loaded RoutePredicateFactory [RemoteAddr]
2020-11-21 17:18:06.657 [main] INFO  o.s.c.gateway.route.RouteDefinitionRouteLocator[139] - Loaded RoutePredicateFactory [Weight]
2020-11-21 17:18:06.657 [main] INFO  o.s.c.gateway.route.RouteDefinitionRouteLocator[139] - Loaded RoutePredicateFactory [CloudFoundryRouteService]
2020-11-21 17:18:06.818 [main] WARN  o.springframework.boot.actuate.endpoint.EndpointId[155] - Endpoint ID 'nacos-config' contains invalid characters, please migrate to a valid format.
2020-11-21 17:18:06.818 [main] WARN  o.springframework.boot.actuate.endpoint.EndpointId[155] - Endpoint ID 'nacos-discovery' contains invalid characters, please migrate to a valid format.
2020-11-21 17:18:06.872 [main] INFO  com.alibaba.nacos.client.naming[56] - initializer namespace from System Property :null
2020-11-21 17:18:06.876 [main] INFO  com.alibaba.nacos.client.naming[65] - initializer namespace from System Environment :null
2020-11-21 17:18:06.878 [main] INFO  com.alibaba.nacos.client.naming[75] - initializer namespace from System Property :null
2020-11-21 17:18:07.076 [main] INFO  o.s.b.actuate.endpoint.web.EndpointLinksResolver[58] - Exposing 20 endpoint(s) beneath base path '/actuator'
2020-11-21 17:18:07.209 [main] INFO  o.s.scheduling.concurrent.ThreadPoolTaskScheduler[181] - Initializing ExecutorService 'Nacso-Watch-Task-Scheduler'
2020-11-21 17:18:07.515 [main] INFO  o.s.boot.web.embedded.netty.NettyWebServer[109] - Netty started on port(s): 8001
2020-11-21 17:18:07.526 [main] INFO  com.alibaba.nacos.client.naming[66] - [BEAT] adding beat: {"cluster":"DEFAULT","ip":"192.168.43.72","metadata":{"preserved.register.source":"SPRING_CLOUD"},"period":5000,"port":8001,"scheduled":false,"serviceName":"test@@whitzard-gateway","stopped":false,"weight":1.0} to beat map.
2020-11-21 17:18:07.584 [main] INFO  com.alibaba.nacos.client.naming[196] - [REGISTER-SERVICE] 76ee77bd-b7d7-4a9d-94d2-fab208c237be registering service test@@whitzard-gateway with instance: {"clusterName":"DEFAULT","enabled":true,"ephemeral":true,"healthy":true,"instanceHeartBeatInterval":5000,"instanceHeartBeatTimeOut":15000,"ip":"192.168.43.72","ipDeleteTimeout":30000,"metadata":{"preserved.register.source":"SPRING_CLOUD"},"port":8001,"weight":1.0}
2020-11-21 17:18:07.659 [main] INFO  c.a.cloud.nacos.registry.NacosServiceRegistry[65] - nacos registry, test whitzard-gateway 192.168.43.72:8001 register finished
2020-11-21 17:18:07.687 [main] INFO  com.newpi.data.GatewayApplication[61] - Started GatewayApplication in 6.788 seconds (JVM running for 8.037)
2020-11-21 17:18:07.692 [main] INFO  com.alibaba.nacos.client.config.impl.ClientWorker[197] - [fixed-nacos.k8sml.test.yidian-inc.com-76ee77bd-b7d7-4a9d-94d2-fab208c237be] [subscribe] whitzard-gateway.yml+test+76ee77bd-b7d7-4a9d-94d2-fab208c237be
2020-11-21 17:18:07.693 [main] INFO  com.alibaba.nacos.client.config.impl.CacheData[92] - [fixed-nacos.k8sml.test.yidian-inc.com-76ee77bd-b7d7-4a9d-94d2-fab208c237be] [add-listener] ok, tenant=76ee77bd-b7d7-4a9d-94d2-fab208c237be, dataId=whitzard-gateway.yml, group=test, cnt=1
2020-11-21 17:18:07.694 [main] INFO  com.alibaba.nacos.client.config.impl.ClientWorker[197] - [fixed-nacos.k8sml.test.yidian-inc.com-76ee77bd-b7d7-4a9d-94d2-fab208c237be] [subscribe] whitzard-gateway-test.yml+test+76ee77bd-b7d7-4a9d-94d2-fab208c237be
2020-11-21 17:18:07.694 [main] INFO  com.alibaba.nacos.client.config.impl.CacheData[92] - [fixed-nacos.k8sml.test.yidian-inc.com-76ee77bd-b7d7-4a9d-94d2-fab208c237be] [add-listener] ok, tenant=76ee77bd-b7d7-4a9d-94d2-fab208c237be, dataId=whitzard-gateway-test.yml, group=test, cnt=1
2020-11-21 17:18:07.694 [main] INFO  com.alibaba.nacos.client.config.impl.ClientWorker[197] - [fixed-nacos.k8sml.test.yidian-inc.com-76ee77bd-b7d7-4a9d-94d2-fab208c237be] [subscribe] whitzard-gateway+test+76ee77bd-b7d7-4a9d-94d2-fab208c237be
2020-11-21 17:18:07.694 [main] INFO  com.alibaba.nacos.client.config.impl.CacheData[92] - [fixed-nacos.k8sml.test.yidian-inc.com-76ee77bd-b7d7-4a9d-94d2-fab208c237be] [add-listener] ok, tenant=76ee77bd-b7d7-4a9d-94d2-fab208c237be, dataId=whitzard-gateway, group=test, cnt=1
2020-11-21 17:18:07.794 [com.alibaba.nacos.client.Worker.longPolling.fixed-nacos.k8sml.test.yidian-inc.com-76ee77bd-b7d7-4a9d-94d2-fab208c237be] INFO  com.alibaba.nacos.client.config.impl.ClientWorker[522] - get changedGroupKeys:[]
2020-11-21 17:18:08.717 [com.alibaba.nacos.client.naming.updater] INFO  com.alibaba.nacos.client.naming[164] - new ips(1) service: test@@whitzard-gateway -> [{"clusterName":"DEFAULT","enabled":true,"ephemeral":true,"healthy":true,"instanceHeartBeatInterval":5000,"instanceHeartBeatTimeOut":15000,"instanceId":"192.168.43.72#8001#DEFAULT#test@@whitzard-gateway","ip":"192.168.43.72","ipDeleteTimeout":30000,"metadata":{"preserved.register.source":"SPRING_CLOUD"},"port":8001,"serviceName":"test@@whitzard-gateway","weight":1.0}]
2020-11-21 17:18:08.728 [com.alibaba.nacos.client.naming.updater] INFO  com.alibaba.nacos.client.naming[200] - current ips:(1) service: test@@whitzard-gateway -> [{"clusterName":"DEFAULT","enabled":true,"ephemeral":true,"healthy":true,"instanceHeartBeatInterval":5000,"instanceHeartBeatTimeOut":15000,"instanceId":"192.168.43.72#8001#DEFAULT#test@@whitzard-gateway","ip":"192.168.43.72","ipDeleteTimeout":30000,"metadata":{"preserved.register.source":"SPRING_CLOUD"},"port":8001,"serviceName":"test@@whitzard-gateway","weight":1.0}]
2020-11-21 17:18:23.812 [SpringContextShutdownHook] INFO  o.s.scheduling.concurrent.ThreadPoolTaskScheduler[218] - Shutting down ExecutorService 'Nacso-Watch-Task-Scheduler'
2020-11-21 17:18:23.813 [SpringContextShutdownHook] INFO  c.a.cloud.nacos.registry.NacosServiceRegistry[80] - De-registering from Nacos Server now...
2020-11-21 17:18:23.814 [SpringContextShutdownHook] INFO  com.alibaba.nacos.client.naming[79] - [BEAT] removing beat: test@@whitzard-gateway:192.168.43.72:8001 from beat map.
2020-11-21 17:18:23.814 [SpringContextShutdownHook] INFO  com.alibaba.nacos.client.naming[218] - [DEREGISTER-SERVICE] 76ee77bd-b7d7-4a9d-94d2-fab208c237be deregistering service test@@whitzard-gateway with instance: {"clusterName":"DEFAULT","enabled":true,"ephemeral":true,"healthy":true,"instanceHeartBeatInterval":5000,"instanceHeartBeatTimeOut":15000,"instanceIdGenerator":"simple","ip":"192.168.43.72","ipDeleteTimeout":30000,"metadata":{},"port":8001,"weight":1.0}
2020-11-21 17:18:23.886 [SpringContextShutdownHook] INFO  c.a.cloud.nacos.registry.NacosServiceRegistry[100] - De-registration finished.
